SF:src/main/python/sample/count_letters_evaluator.py
FNF:0
FNH:0
BRDA:0,0,0,1
BRDA:2,0,1,1
BRF:2
BRH:2
DA:1,1,ucwbUuyHtLF0lPkMggdcEA
DA:2,1,KxgaGtJPkScc4OG7mJ59vg
DA:3,1,GdXjdrpd1QnuEBoJTUAqBQ
DA:4,1,8nawAfWjdsgvyhRBzBwC8w
LH:4
LF:4
end_of_record
SF:src/main/python/sample/manage_users.py
FNF:0
FNH:0
DA:1,1,HhCoW5CsZmdx6ir8stjWFA
DA:4,1,FoHziFRuH1PWZWjpAYnioQ
DA:5,1,4XcQqT1D/GLNLg657LzLhg
DA:6,1,AHZPNevw20Uc+lf2C+xaYw
DA:7,1,ibgO4ggAWyyvVTL/qjMMRw
DA:8,1,VJCoIKe8UhpZtkpBmSZMBQ
DA:9,1,UVGcE5bp6HGwM5KnFvCCVA
DA:10,1,lvHoBs2fMn+i3mtEwqNFTQ
DA:11,1,guV60f070drGJuXFZCpnUw
LH:9
LF:9
end_of_record
SF:src/main/python/sample/sum_evaluator.py
FNF:0
FNH:0
BRDA:0,0,0,1
BRDA:2,0,1,1
BRF:2
BRH:2
DA:1,1,27g5u31sh2ugPwgGpTZ0lg
DA:2,1,KxgaGtJPkScc4OG7mJ59vg
DA:3,1,GBgSogZzy8itdjd2x3rC0g
DA:4,1,7sXP/iICKUB6zWn67Juhgw
LH:4
LF:4
end_of_record
SF:src/main/python/sample_2/get_length.py
FNF:0
FNH:0
BRDA:0,0,0,1
BRDA:2,0,1,1
BRF:2
BRH:2
DA:1,1,BeBHp4HedzMsoW8aFhjSIw
DA:2,1,KxgaGtJPkScc4OG7mJ59vg
DA:3,1,aV6V51mv2nU1kCYf6IY7Zg
DA:4,1,8nawAfWjdsgvyhRBzBwC8w
LH:4
LF:4
end_of_record
SF:src/main/python/wfa/measurement/reporting/postprocessing/noiseninja/__init__.py
FNF:0
FNH:0
LH:0
LF:0
end_of_record
SF:src/main/python/wfa/measurement/reporting/postprocessing/noiseninja/noised_measurements.py
FNF:0
FNH:0
BRDA:0,2,1,1
BRDA:0,4,0,4
BRDA:0,4,1,4
BRDA:37,0,0,-
BRDA:40,0,1,1
BRDA:53,1,0,4
BRDA:54,1,1,4
BRDA:64,2,0,-
BRDA:72,3,0,4
BRDA:73,3,1,4
BRDA:129,4,2,4
BRF:11
BRH:9
DA:15,4,/6BCF/ROSidz51ZAydY62A
DA:16,4,qLAaloR/f+XZxG5VcyqNzQ
DA:17,4,7HpIEQVf5K0efdTzo05mJg
DA:18,4,dAzTpGSIQv9nBAr75tovZw
DA:19,4,jEc91tz0B1b2beSYnS+UDQ
DA:20,4,8YE0xzB9hr+2EavSdDYyRg
DA:22,4,HXHu80Z1F0/W8Z9LB+h26Q
DA:24,4,mitYni1JckB0yCzNtOsU5g
DA:25,4,xNslPHKx/sHhqSUQzlnRcg
DA:26,4,BWoQ0mko2PNjnpEosY8PHw
DA:27,4,XR2EtydIoFzKAEwtuEcKmA
DA:28,4,VQTO873yo/lxJTe/h/vX6Q
DA:30,4,6G86L6V7GZjrZpIl6hRDVQ
DA:31,4,XjIZz/eY5Ja6DwDeDiy4EA
DA:32,4,Y3NF7Hy097Sq/D02UiBpAg
DA:33,4,vNYENnaIZFFpAokp8+hmkA
DA:35,4,YSN99Uc9x88O8+s9Opz6MQ
DA:36,1,y0yt3EyOAPjiwY/1o9RU1w
DA:37,0,7+NgavzJYX+RLbs/RtXR7A
DA:40,1,NO7Sz10cdJqT4JObWlQXqw
DA:44,4,AX4RNZtpiUaZXlaL3rVoZQ
DA:45,1,NG1mNdtGIlUrXfKwalrabw
DA:49,4,OFzxzYzqmPGBnMng8TDI4g
DA:52,4,CT9XrugR0VmgtyLiirko8A
DA:53,4,1GeUsaTTOcZ3U2wlfZmM/A
DA:54,4,gxTGkZM4dwg54DMohB8Btw
DA:55,4,s7W7nHKx8aV1zhfHe1ofww
DA:56,4,uQKU7MVTi/uOJRbHwypU1Q
DA:58,4,5hcYTS35jSwCtBGydfWeVw
DA:63,3,pshkp4+kGKOE0XHM7lqYjg
DA:64,0,VZxEB08ZQSaWg4+bXXPUWw
DA:71,4,CT9XrugR0VmgtyLiirko8A
DA:72,4,CFdvn5Ha1+UTkoq4KfCNwA
DA:73,4,708krvVtblQ6NFvillEqjg
DA:78,4,YaeefULOgYLHxBmhopmT/g
DA:79,4,sl+3HMp8/UjNwmM1HrEv4w
DA:82,4,r/ly8DrfnzWsIDHo2XBWeA
DA:83,4,crtO7q/Liglc4vvRQqMOmQ
DA:101,4,JA86Z6Gak7bKwm2ACtFykQ
DA:102,4,cROfU7x6zijXewSgTFsTXw
DA:103,4,qA/xIXV+y0e8CM9MrLrPaA
DA:104,4,4MwbgiBdtyhn1e/0xU3C4A
DA:105,4,9Yo+4Hp3Pcm1PS7f73gTtw
DA:106,4,Yx+4rfCDJ/C6TIowqH3mvA
DA:107,4,JJ+nKqeNPotDrvgH9VoNGg
DA:109,4,nIXbOyX0nwduLxa0iLGQUA
DA:110,4,j8BRycb29birVYEwKuaoew
DA:112,4,c8On3zTggq0foLI+2+7iYA
DA:114,4,0hXR6Bi5edaF/BtLVAfIQg
DA:116,4,NDIz191iqFzF0f3QfyqcmQ
DA:117,4,LN+ew7UpqLWrRa2jaii0gA
DA:119,4,DgWWD71scQLMmNRMPd1B1g
DA:120,3,vcrQnxYwD0Ka2VnhR0Bf9g
DA:122,4,RvHAybp6z2t9XFSM4NjGVg
DA:123,4,+i250QuDuwCzqe3txx8zvA
DA:125,4,zX6TnNGUyErX9Za14sr8OQ
DA:126,4,aH4wp/bPkPc+GmEorvf+FQ
DA:128,4,mnztZUR80+XMg149c5h4Vw
DA:129,4,5weS1LNpef/eSM+OfYKATQ
DA:131,4,PkvJf6D5VcKL0yeO+na13w
DA:132,4,KFTm3J2oxPTNym0WhvbQkg
DA:134,4,smt63yrP08IOcWKUb3VXWw
DA:135,4,HtqzQJ4Rngr8dk8VSioPNg
DA:137,4,UJR6KH5L48cnLQcVRBqCdQ
DA:138,4,jy4Q0sfwo/+C+XNELtKAJA
DA:140,4,LiPxStbU3WxaCrC7Y61Srg
DA:141,4,MZuFQzEdeS/XbvXPy3uQrQ
DA:143,4,JGryGHe9bNOkvIFXHACa9A
DA:144,0,t49VYfaCbdCYBJcrb8wsTg
DA:146,4,JQSsk397HmOPchfDjehjtQ
DA:147,4,hoQxzdY2RSprPNkGZioLAQ
DA:149,4,H2oRkK+iiOp2lKFljImsBQ
DA:150,0,Wrmf84/rLu7SkDf7zcGoAg
DA:151,0,meXpGxrlBW3I8oUexMJGWw
DA:153,4,AX4RNZtpiUaZXlaL3rVoZQ
DA:154,0,y3vVN9xTPmQJ/3C1ENU/aw
LH:70
LF:76
end_of_record
SF:src/main/python/wfa/measurement/reporting/postprocessing/noiseninja/solver.py
FNF:0
FNH:0
BRDA:0,0,0,4
BRDA:0,0,1,4
BRDA:0,2,0,4
BRDA:0,3,0,4
BRDA:0,3,1,4
BRDA:0,4,0,4
BRDA:0,8,0,4
BRDA:0,9,0,4
BRDA:0,10,0,4
BRDA:0,12,0,4
BRDA:0,14,0,-
BRDA:0,19,0,4
BRDA:0,21,0,4
BRDA:0,22,0,4
BRDA:0,23,0,4
BRDA:73,0,2,4
BRDA:79,2,1,4
BRDA:80,1,0,4
BRDA:80,2,2,4
BRDA:86,1,1,4
BRDA:86,3,2,4
BRDA:94,5,0,4
BRDA:95,4,1,4
BRDA:97,5,1,4
BRDA:99,5,2,4
BRDA:100,6,0,4
BRDA:102,6,1,4
BRDA:111,7,0,4
BRDA:113,7,1,4
BRDA:135,8,1,4
BRDA:144,9,1,4
BRDA:146,9,2,4
BRDA:153,10,1,4
BRDA:156,11,0,4
BRDA:157,11,1,4
BRDA:162,13,0,4
BRDA:163,12,1,4
BRDA:164,13,1,4
BRDA:173,14,1,-
BRDA:175,15,0,-
BRDA:180,15,1,-
BRDA:181,16,0,-
BRDA:186,16,1,-
BRDA:188,17,0,-
BRDA:189,17,1,-
BRDA:190,18,0,-
BRDA:191,18,1,-
BRDA:196,20,0,4
BRDA:197,19,1,4
BRDA:197,21,1,4
BRDA:198,20,1,4
BRDA:198,21,2,4
BRDA:206,22,1,4
BRDA:224,24,0,4
BRDA:225,23,1,4
BRDA:227,24,1,4
BRDA:247,25,1,3
BRDA:251,25,0,-
BRDA:268,26,1,3
BRDA:273,27,1,3
BRDA:275,28,1,4
BRDA:279,28,0,-
BRDA:280,29,1,4
BRDA:281,30,1,1
BRDA:282,30,0,-
BRDA:283,31,0,-
BRDA:285,31,1,-
BRDA:287,27,0,-
BRDA:287,29,0,-
BRDA:289,26,0,-
BRDA:291,32,1,3
BRDA:292,33,0,-
BRDA:293,34,0,-
BRDA:294,34,1,-
BRDA:295,35,0,-
BRDA:297,35,1,-
BRDA:300,33,1,4
BRDA:307,32,0,-
BRDA:327,36,0,2
BRDA:329,36,1,4
BRDA:334,37,1,3
BRDA:335,38,0,4
BRDA:336,37,0,-
BRDA:336,38,1,4
BRF:84
BRH:59
DA:15,4,IWWjrCeOtk8NNtrE95++2g
DA:16,4,KdZtAPqFipd2k5p3EEpf+w
DA:18,4,RJ/JydJyAp/qch2Z3Cql/w
DA:20,4,hVZ/TX5Ib2IKSGbt9/je6w
DA:21,4,1aLi/kUU1CWusG1MBzzHLQ
DA:22,4,DFAr1cUU387FPAYP7LkD5g
DA:24,4,S2mc1cTRIJwN3REj5+iZ5Q
DA:25,4,tWmNq33HF4Z4uUZBONHcCw
DA:26,4,7x5NxmyprnxoKh2AMNOd7Q
DA:31,4,FPDBGEbVnUw3zHQccRatYA
DA:32,4,uNDsLs3HeA6pOydCuughMA
DA:34,4,0Hi1cn/G7nmhzpisZaCczA
DA:35,4,kYCKfb1vlZ/UGHfcW3SaHw
DA:36,4,OMrbEeC9ErBKiN1vqgXjQw
DA:37,4,hrnUqphwZ+n23/gGJfbAkQ
DA:38,4,UyM/w/Z/5oydop3KHxwL4w
DA:41,4,06pdkQLLhk0lGoV3iyNa1A
DA:42,4,2pzhDz62TT+5WRE2lVwe/g
DA:44,4,aqEHokE48rK62i96ocueyw
DA:45,0,dZytyC/m2CHlw8ypH2q3+A
DA:46,0,ZyZ2S+Esb5hYZu0hb7rm0g
DA:48,4,jw4HsIRYrucvZpuOcKXKvA
DA:49,0,yEybM3BZx8mFy34ZcMjvuQ
DA:52,4,IC4smNINRkwgSagdUYshpg
DA:54,4,hSyNRQbfU0vPYzRiq5Q3Hg
DA:56,4,8TKTksZhbU56AMmjJZ6dDg
DA:60,4,h7YCk6j2MIVR2VcmbgYoDg
DA:61,4,FYJzYEfNSGgVsfH9jPWK4Q
DA:63,4,aRvxC7WvFS702ZB+rIeoJw
DA:64,4,ojct5NExWM5iLGgHD+Tiig
DA:66,4,L3VJvjwkjIfXGXdi/N+E1A
DA:67,4,DhDNokjFos8aoXyLKf5Wkg
DA:68,4,yXIavzgiQ0s2URKuu+O1bQ
DA:70,4,BzHQZm7LUqe5dycx0lqZJw
DA:71,4,MpAZ2DXDjwqW0tWbOIHFoA
DA:73,4,bfpyL0zoGdzhN7hO1qcszg
DA:76,4,MjZwPZ1IgiLcsruxmSv6lQ
DA:78,4,leg8dF6SpQYxcjWjkTmlzA
DA:79,4,N4F7MCeAFE4Z+IuhvkmfoQ
DA:80,4,rTkLT3Gnnm9DG1Biz9NsBg
DA:86,4,p/QUIZBuuExriqObrvBD6g
DA:91,4,HOyCNJpJAju8zVUCli1d0A
DA:94,4,KLSvZAqIOeCbInf+hExAoQ
DA:95,4,1fYvI3aw4mWS6SV0FWg8yQ
DA:96,4,RMln/xv4cUwR6EcNH2hiAw
DA:97,4,XbzVZUojEYRf3TI0hx1hZw
DA:99,4,cHBPwsDivni0mROfDM+4Pw
DA:100,4,JTM2oL4irtVkrbl/vVjg5A
DA:102,4,blWsGQ4f8x0WgbYXiG7qDA
DA:106,4,6fdikwqLUhD3XSZgtAf71w
DA:108,4,wUV6G42rIj2Jx9u8PO+XoQ
DA:109,4,OVHQkn6oe5qMGmTShLYoqA
DA:110,4,N4F7MCeAFE4Z+IuhvkmfoQ
DA:111,4,K3fbZBnV5EFJNYxvsRN9pg
DA:112,4,gEkhePC1HS+WdJ+DW4ZMyA
DA:113,4,p7k0Icqc9YDQDAiQ7RoJ+A
DA:115,4,ARfhibqEVoCXURVpdA0ZOw
DA:116,4,apfNTATOK7mvCOs3lxI9dg
DA:118,4,redt1qwplnqA0Y5OURcBZg
DA:119,4,g6b4aZeBKBu9j2oZYgfgYQ
DA:121,4,UyxgFnqqdao/CSmbeT+GUQ
DA:122,4,HAr21vSpqjsgeWdeOqTPCA
DA:124,4,uReIey6UTEsuf7s7MpWFKg
DA:125,4,dw5exz7D61o2af/o2mzb6A
DA:127,4,+JSP2ihpBB3aR4XmrThI8w
DA:131,4,eRDXmeY0UhnKN2lh6zM2hA
DA:135,4,1fYvI3aw4mWS6SV0FWg8yQ
DA:136,4,l2Er/ci/5Kevn71D/EokhQ
DA:144,4,mcv/tfYrVpdWNg6l+S17cg
DA:146,4,i5s/RW9GwBhaBahjBZYm2g
DA:148,4,Ta3YG62fMRPTzs26DCC0Ng
DA:152,4,2AwXRx00ZVKn32hvdaS5VQ
DA:153,4,1fYvI3aw4mWS6SV0FWg8yQ
DA:154,4,jsQB6HIv1cSjpxxjUzROrQ
DA:155,4,v+nqh6l5deH9a5/dMJZKlg
DA:156,4,FTAchjKrJlfHVvlVzdAn6g
DA:157,4,FZ8qq5Lpojqsz+B2bJtGbQ
DA:159,4,e4bbi9vnFmSLycTCxABfnw
DA:162,4,N4F7MCeAFE4Z+IuhvkmfoQ
DA:163,4,sZ/NDZRpaIl8MmZKOCBSIQ
DA:164,4,IWCaHK/E/rdd/pJpyesL5w
DA:168,4,uEKss3W6Gv1EW7Ain01ybQ
DA:171,0,x6m/7dak+Y6gX2cr2Y5L7g
DA:172,0,inivVR7v2qw9s5c6M4ibxw
DA:173,0,tM7rX6ec6SSMCCP3oGipxA
DA:175,0,4MRsc3BuL7//R2uo6iAiAQ
DA:180,0,HDGZUYLx0J43LqdTvfm4Tg
DA:181,0,4MRsc3BuL7//R2uo6iAiAQ
DA:186,0,1fYvI3aw4mWS6SV0FWg8yQ
DA:187,0,VuFv8BB21n8eRYI2Kz7rRA
DA:188,0,cpqjl8xmaXpC32CDL6DTkQ
DA:189,0,G+w6kdVZmSM75oIBFSRT2Q
DA:190,0,kZRFlRXtYKBz8d2SjM8wGw
DA:191,0,FZ8qq5Lpojqsz+B2bJtGbQ
DA:193,4,RG9U87UxoT0og1KMvlBkpQ
DA:196,4,N4F7MCeAFE4Z+IuhvkmfoQ
DA:197,4,ckU3rtmM2uEsTcqOoBEjCg
DA:198,4,XXGyY+mtpimPC2LvpOFKeA
DA:203,4,q2MoqL9S2X2sMkKNrvgg9A
DA:205,4,g0EgUGiDBeLu3dA+PuC9uA
DA:206,4,1fYvI3aw4mWS6SV0FWg8yQ
DA:207,4,GS+1szSumIzIEyq84qORfA
DA:208,4,FZ8qq5Lpojqsz+B2bJtGbQ
DA:210,4,TrxEg/ami1PTSLdjgZR0mA
DA:212,4,MxCfvTv251eurUnHemj3bg
DA:213,4,ovVMywLKaFPfUwwEqeslCQ
DA:214,4,1598pxFYF9nolS7/A56Whw
DA:215,4,hVzcwbosMeqdUu5tcuEmwA
DA:217,4,To79OO65kP8GV9D4PIPH2g
DA:218,4,MxCfvTv251eurUnHemj3bg
DA:219,4,+QCF3IJXB9mR6n+LRrTWTA
DA:220,4,SHjZMZweuyw+fxFLSMw0rA
DA:221,4,hVzcwbosMeqdUu5tcuEmwA
DA:223,4,2Zbpxx2O3a6frfmOxEhkOg
DA:224,4,Dgsx9FLxxldnKd2fO2CXrw
DA:225,4,TMRJ1c2k7mcIJxceKiA1UQ
DA:226,4,Eo8tfTQTwIPA/9hIsc4Vrw
DA:227,4,SZhEe9CXD0UCkfb1/7JGbg
DA:229,4,vKYbO8szzAtNYitjigTP9g
DA:230,4,N87SvGwYSXjwcgKgMpBmxw
DA:231,4,qsScugJV3NU4AhxHjHj6Nw
DA:233,4,AeOetSvXX5l165mx8dqjYA
DA:234,4,S/IE7paUIoyDROLEmxR0Rw
DA:235,4,anZhyej5WgKIHA1EA6O6WQ
DA:237,4,zTrztL4dUuYRR85uWYFxqg
DA:239,4,kN3jDPfUoxZiO6Tdtz6kfw
DA:240,4,NEQEJF1SDM6KPk6jKzxvVw
DA:242,4,Zv82cgHdd3AvnHn4LApa+Q
DA:244,4,2WtXL5+01+YsTtuv3biaFw
DA:246,4,IYesfaRySryijjBBt6brbQ
DA:247,4,tBhrZODvnhxI3dMhGHKZGQ
DA:251,1,UUtGNFdsgpFm9ZAIo6Tedw
DA:252,4,CcRAGnEt3UUGoCmpl6nV/A
DA:254,4,c/g3VNSk9FImnG7M/Bcu/Q
DA:257,4,P175hPsbtEIrLZre15+5tA
DA:258,4,V9zT5P/MjdQsrrxNoJfY4w
DA:259,4,mhEhtwVpgY9wbh3erG54Ww
DA:260,4,/nyiDOF6LQ+3n0rLb2HjZw
DA:261,4,THpjk8Kg2s0imtgBFVobLQ
DA:262,4,1pC6MWmGnZkF0n/wEDEp7A
DA:264,4,6lsUCQLG/wI4BREfmCDFuQ
DA:268,4,ng7Umn8C2dj+Vxa2wIuEbg
DA:269,4,21w7TYltDJr7vA8pDfEE8g
DA:270,4,9KWwxXiI5cxNeAI8wSxa2w
DA:272,4,rGn1ilE3vJCGcxH/t6ysbw
DA:273,4,fYjw60xjO3W+JP4F/2jNgQ
DA:274,4,JOANrZbM5KyadLt6S3aEWw
DA:275,4,sjUDpORjc5jWz0vSJEXDgQ
DA:276,4,mAnd1qY4C8nFO1P6MIDCSg
DA:279,4,Cylcej03+J5Iy7URSbU6RA
DA:280,4,SoOYq+ndfO7qDUTJrz3KPA
DA:281,4,bZ2IAfAavzlVDzB/Y9Bnuw
DA:282,1,KZxrYAeYMZ1rMVwndGEAsw
DA:283,1,pN6yu/i2zOD0skT9Nh4WKA
DA:285,0,xvh296PdEkWHV1Se/dIAOg
DA:286,4,5f+avAqZ9q46y0TzQkdk7g
DA:287,1,fUhw7yPKVXFksqKKngTqyQ
DA:289,4,mTHV2q2VE7kmRVINBxPk5g
DA:291,4,BpkL7Ok3IMLTExr68wN6wA
DA:292,0,OHWxpcVww073KU9bumsRKQ
DA:293,0,0zb+e9Q5MqikA1mRidu2uw
DA:294,0,l7VP8Yql9mNwp63p/2AD9g
DA:295,0,mYkZz7N11E90XCdqLxA0Nw
DA:297,0,IxLgTI02DkHyRn9CfK31aw
DA:300,4,8IZr8COjTyEX0QRL+x2iJA
DA:303,4,ovJxLFRbEQQyXoyvFg44FQ
DA:307,4,M7Y9zT6b8ZLxLtVQrVq8Qg
DA:312,4,aiAQ/qo7A4mAFJ91nlcARA
DA:314,4,DfKaNXTZeTgHgZoRwQlN2w
DA:318,4,46eNYBNosSZFcRT3eD2GYg
DA:323,4,YyrXf8LIGU1DUE0wK2nB0g
DA:327,2,cd4UssZpWSIB9YcTI2LxHA
DA:329,4,FkiKEe7JJ3Hr4009R7Au6A
DA:331,4,eg3I02YbVzkHD363V0vt8Q
DA:332,4,X/oLH+qeqeDjxOIwbx72MQ
DA:333,4,qa9THrX9OphGt8eQb7SEVw
DA:334,4,SStj8VC3VKQ9dOLFYily3w
DA:335,4,/tMMhdzsrJUt+0kqaIKnLw
DA:336,4,BJBlZsSWstphiTlZImt1kA
DA:338,4,4PorNERGUB5IohOKI303VQ
DA:340,4,wPbmlBfwKWdZcPkvgCN4Yg
DA:341,4,UFH7gzHDdof/QfSyJfFngQ
LH:161
LF:182
end_of_record
SF:src/main/python/wfa/measurement/reporting/postprocessing/report/report.py
FNF:0
FNH:0
BRDA:0,3,0,3
BRDA:0,4,0,3
BRDA:0,4,1,3
BRDA:0,5,0,3
BRDA:0,12,0,3
BRDA:0,12,1,3
BRDA:0,23,0,-
BRDA:0,23,1,-
BRDA:0,43,0,3
BRDA:0,43,1,3
BRDA:0,44,0,3
BRDA:0,44,1,3
BRDA:0,45,0,3
BRDA:0,45,1,3
BRDA:0,46,0,3
BRDA:0,46,1,3
BRDA:0,47,0,3
BRDA:0,47,1,3
BRDA:0,48,0,3
BRDA:0,48,1,3
BRDA:0,49,0,2
BRDA:0,51,0,3
BRDA:0,83,0,3
BRDA:0,83,1,3
BRDA:0,84,0,-
BRDA:0,84,1,-
BRDA:0,92,0,3
BRDA:0,95,0,3
BRDA:0,97,0,3
BRDA:0,100,0,1
BRDA:0,101,0,3
BRDA:0,107,0,3
BRDA:0,108,0,3
BRDA:0,109,0,3
BRDA:0,114,0,3
BRDA:0,115,0,3
BRDA:0,117,0,3
BRDA:0,119,0,3
BRDA:0,122,0,1
BRDA:0,123,0,3
BRDA:0,126,0,3
BRDA:0,127,0,3
BRDA:0,130,0,1
BRDA:0,132,0,1
BRDA:0,133,0,3
BRDA:0,137,0,3
BRDA:0,139,0,3
BRDA:0,142,0,1
BRDA:0,143,0,3
BRDA:0,151,0,3
BRDA:0,156,0,3
BRDA:0,164,0,1
BRDA:0,167,0,3
BRDA:0,172,0,3
BRDA:0,175,0,3
BRDA:0,180,0,3
BRDA:0,190,0,3
BRDA:0,193,0,3
BRDA:0,200,0,1
BRDA:0,204,0,3
BRDA:0,208,0,3
BRDA:0,209,0,2
BRDA:0,209,1,3
BRDA:0,211,0,2
BRDA:0,217,0,2
BRDA:0,220,0,2
BRDA:0,223,0,2
BRDA:0,225,0,1
BRDA:0,228,0,1
BRDA:0,239,0,1
BRDA:0,241,0,1
BRDA:0,244,0,1
BRDA:75,2,0,3
BRDA:76,0,0,3
BRDA:77,1,0,3
BRDA:78,1,1,3
BRDA:79,2,1,3
BRDA:84,0,1,3
BRDA:100,3,1,3
BRDA:103,3,2,3
BRDA:136,4,2,3
BRDA:142,5,1,3
BRDA:145,5,2,3
BRDA:147,7,0,3
BRDA:148,6,0,3
BRDA:149,7,1,3
BRDA:150,6,1,3
BRDA:170,8,0,3
BRDA:174,8,1,3
BRDA:203,9,0,1
BRDA:208,9,1,1
BRDA:209,10,0,1
BRDA:214,10,1,1
BRDA:219,11,0,1
BRDA:222,11,1,1
BRDA:237,12,2,3
BRDA:256,13,0,3
BRDA:261,13,1,3
BRDA:304,14,0,3
BRDA:305,14,1,3
BRDA:306,15,0,1
BRDA:308,15,1,3
BRDA:309,16,0,-
BRDA:311,16,1,3
BRDA:314,18,0,3
BRDA:315,17,0,3
BRDA:317,18,1,3
BRDA:319,17,1,3
BRDA:319,20,0,1
BRDA:320,19,0,1
BRDA:320,21,0,-
BRDA:321,20,1,1
BRDA:323,21,1,1
BRDA:325,19,1,3
BRDA:326,22,0,-
BRDA:328,22,1,3
BRDA:362,24,0,1
BRDA:364,24,1,3
BRDA:370,25,0,1
BRDA:372,25,1,3
BRDA:373,26,0,1
BRDA:375,26,1,3
BRDA:381,27,0,1
BRDA:383,27,1,1
BRDA:384,28,0,1
BRDA:386,28,1,1
BRDA:387,29,0,-
BRDA:389,29,1,1
BRDA:395,30,0,1
BRDA:397,30,1,1
BRDA:398,31,0,1
BRDA:400,31,1,1
BRDA:401,32,0,-
BRDA:403,32,1,1
BRDA:409,33,0,1
BRDA:411,33,1,1
BRDA:412,34,0,1
BRDA:414,34,1,1
BRDA:423,35,0,1
BRDA:425,35,1,1
BRDA:431,36,0,1
BRDA:433,36,1,3
BRDA:439,37,0,1
BRDA:441,37,1,3
BRDA:447,38,0,-
BRDA:449,38,1,3
BRDA:450,39,0,-
BRDA:452,39,1,3
BRDA:458,40,0,1
BRDA:460,40,1,3
BRDA:461,41,0,-
BRDA:463,41,1,3
BRDA:464,42,0,1
BRDA:466,42,1,3
BRDA:472,43,2,3
BRDA:480,44,2,3
BRDA:488,45,2,3
BRDA:496,46,2,3
BRDA:503,47,2,3
BRDA:510,48,2,3
BRDA:527,49,1,2
BRDA:533,49,1,-
BRDA:534,50,0,-
BRDA:536,50,1,-
BRDA:566,51,1,3
BRDA:619,54,0,3
BRDA:620,52,0,3
BRDA:621,53,0,-
BRDA:624,53,1,3
BRDA:624,55,1,3
BRDA:625,54,1,3
BRDA:626,55,0,-
BRDA:630,52,1,3
BRDA:632,56,0,3
BRDA:634,56,1,3
BRDA:635,58,0,3
BRDA:636,57,0,3
BRDA:637,58,1,3
BRDA:639,57,1,3
BRDA:640,59,0,1
BRDA:642,59,1,3
BRDA:645,61,0,2
BRDA:646,60,0,3
BRDA:647,61,1,3
BRDA:649,60,1,3
BRDA:650,62,0,1
BRDA:652,62,1,3
BRDA:662,75,0,1
BRDA:663,63,0,3
BRDA:666,64,0,3
BRDA:676,64,1,3
BRDA:676,66,0,3
BRDA:677,65,0,3
BRDA:678,66,1,3
BRDA:688,65,1,3
BRDA:688,68,0,3
BRDA:689,67,0,3
BRDA:690,68,1,3
BRDA:700,67,1,3
BRDA:701,69,0,3
BRDA:711,69,1,3
BRDA:711,71,0,1
BRDA:712,70,0,1
BRDA:713,71,1,1
BRDA:722,70,1,3
BRDA:722,73,0,1
BRDA:723,72,0,1
BRDA:723,74,0,1
BRDA:724,73,1,1
BRDA:725,74,1,1
BRDA:734,72,1,3
BRDA:734,76,0,1
BRDA:735,75,1,1
BRDA:736,76,1,1
BRDA:744,63,1,3
BRDA:748,77,0,-
BRDA:749,77,1,3
BRDA:782,78,1,2
BRDA:782,81,0,1
BRDA:783,79,0,3
BRDA:788,80,0,-
BRDA:790,80,1,3
BRDA:797,81,1,1
BRDA:804,78,0,-
BRDA:804,79,1,3
BRDA:810,82,1,2
BRDA:810,83,2,3
BRDA:820,82,0,-
BRDA:840,91,0,1
BRDA:841,85,0,-
BRDA:841,87,0,-
BRDA:843,86,0,-
BRDA:844,87,1,1
BRDA:854,86,1,-
BRDA:856,88,0,-
BRDA:865,88,1,-
BRDA:865,90,0,-
BRDA:867,89,0,-
BRDA:868,90,1,1
BRDA:879,89,1,-
BRDA:881,91,1,-
BRDA:891,85,1,1
BRDA:901,98,0,1
BRDA:902,92,1,3
BRDA:902,93,0,3
BRDA:902,94,0,3
BRDA:907,93,1,3
BRDA:909,95,1,3
BRDA:910,94,1,3
BRDA:910,95,2,3
BRDA:919,93,2,3
BRDA:919,96,0,3
BRDA:919,97,1,3
BRDA:924,96,1,3
BRDA:926,97,2,3
BRDA:933,96,2,3
BRDA:933,98,1,1
BRDA:933,99,0,1
BRDA:939,98,2,1
BRDA:941,100,1,1
BRDA:942,99,1,1
BRDA:942,100,2,1
BRDA:953,105,0,1
BRDA:954,101,1,3
BRDA:956,102,0,3
BRDA:956,103,0,3
BRDA:958,102,1,3
BRDA:961,103,1,3
BRDA:975,102,2,3
BRDA:975,104,0,3
BRDA:977,104,1,3
BRDA:993,104,2,3
BRDA:993,105,1,1
BRDA:993,106,0,1
BRDA:995,105,2,1
BRDA:998,106,1,1
BRDA:1049,107,1,3
BRDA:1053,107,2,3
BRDA:1054,108,1,3
BRDA:1058,108,2,3
BRDA:1062,110,0,3
BRDA:1063,109,1,3
BRDA:1066,113,0,3
BRDA:1067,110,1,3
BRDA:1068,111,0,3
BRDA:1069,111,1,3
BRDA:1079,112,0,1
BRDA:1081,112,1,3
BRDA:1081,114,1,3
BRDA:1082,113,1,3
BRDA:1082,114,2,3
BRDA:1105,116,0,3
BRDA:1106,115,1,3
BRDA:1111,116,1,3
BRDA:1128,120,0,1
BRDA:1129,117,1,3
BRDA:1134,119,1,3
BRDA:1135,118,0,3
BRDA:1135,119,2,3
BRDA:1148,118,1,3
BRDA:1151,121,0,1
BRDA:1152,120,1,1
BRDA:1152,122,1,1
BRDA:1153,121,1,1
BRDA:1153,122,2,1
BRDA:1167,128,0,1
BRDA:1168,123,1,3
BRDA:1171,125,0,3
BRDA:1171,127,1,3
BRDA:1172,124,0,3
BRDA:1173,125,1,3
BRDA:1173,126,1,3
BRDA:1177,126,2,3
BRDA:1177,127,2,3
BRDA:1191,124,1,3
BRDA:1192,129,0,1
BRDA:1192,131,0,1
BRDA:1193,128,1,1
BRDA:1194,129,1,1
BRDA:1194,130,1,1
BRDA:1198,130,2,1
BRDA:1198,132,1,1
BRDA:1199,131,1,1
BRDA:1199,132,2,1
BRDA:1215,135,0,1
BRDA:1216,133,1,3
BRDA:1222,134,0,3
BRDA:1232,134,1,3
BRDA:1235,136,0,1
BRDA:1236,135,1,1
BRDA:1237,136,1,1
BRDA:1249,140,0,1
BRDA:1250,137,1,3
BRDA:1255,139,1,3
BRDA:1256,138,0,3
BRDA:1256,139,2,3
BRDA:1272,138,1,3
BRDA:1275,141,0,1
BRDA:1276,140,1,1
BRDA:1276,142,1,1
BRDA:1277,141,1,1
BRDA:1277,142,2,1
BRDA:1294,144,0,3
BRDA:1295,143,1,3
BRDA:1295,165,0,1
BRDA:1301,144,1,3
BRDA:1310,146,0,3
BRDA:1312,145,0,3
BRDA:1313,146,1,3
BRDA:1323,145,1,3
BRDA:1323,150,0,3
BRDA:1324,147,0,3
BRDA:1325,148,0,3
BRDA:1326,148,1,3
BRDA:1336,149,0,1
BRDA:1338,149,1,3
BRDA:1338,151,1,3
BRDA:1339,150,1,3
BRDA:1339,151,2,3
BRDA:1358,147,1,3
BRDA:1362,152,0,3
BRDA:1373,152,1,3
BRDA:1373,156,1,3
BRDA:1374,153,0,3
BRDA:1375,154,0,3
BRDA:1377,154,1,3
BRDA:1387,155,0,-
BRDA:1389,155,1,3
BRDA:1389,156,2,3
BRDA:1408,153,1,3
BRDA:1412,157,0,3
BRDA:1424,157,1,3
BRDA:1429,159,0,1
BRDA:1430,158,0,1
BRDA:1431,159,1,1
BRDA:1447,158,1,3
BRDA:1447,163,0,1
BRDA:1448,160,0,1
BRDA:1449,161,0,1
BRDA:1451,161,1,1
BRDA:1455,162,0,-
BRDA:1457,162,1,1
BRDA:1457,164,1,1
BRDA:1458,163,1,1
BRDA:1458,164,2,1
BRDA:1477,160,1,3
BRDA:1482,166,0,1
BRDA:1483,165,1,1
BRDA:1484,166,1,1
BRDA:1504,168,0,3
BRDA:1505,167,1,3
BRDA:1505,168,1,3
BRDA:1505,170,0,3
BRDA:1507,168,2,3
BRDA:1507,169,1,2
BRDA:1512,169,0,-
BRDA:1513,169,2,3
BRDA:1514,170,1,3
BRDA:1515,171,0,3
BRDA:1516,171,1,3
BRDA:1558,173,0,3
BRDA:1559,172,1,3
BRDA:1560,174,0,3
BRDA:1561,173,1,3
BRDA:1562,174,1,3
BRDA:1573,179,0,3
BRDA:1574,175,1,3
BRDA:1577,176,0,3
BRDA:1587,176,1,3
BRDA:1587,178,0,3
BRDA:1588,177,0,3
BRDA:1589,178,1,3
BRDA:1599,177,1,3
BRDA:1600,179,1,3
BRDA:1611,186,0,1
BRDA:1612,180,1,3
BRDA:1613,182,0,1
BRDA:1614,181,0,1
BRDA:1615,182,1,1
BRDA:1624,181,1,3
BRDA:1624,184,0,1
BRDA:1625,183,0,1
BRDA:1625,185,0,1
BRDA:1626,184,1,1
BRDA:1627,185,1,1
BRDA:1636,183,1,3
BRDA:1636,187,0,1
BRDA:1637,186,1,1
BRDA:1638,187,1,1
BRDA:1670,188,0,3
BRDA:1672,188,1,3
BRDA:1712,190,1,3
BRDA:1713,189,0,3
BRDA:1713,190,2,3
BRDA:1727,189,1,3
BRDA:1728,191,0,3
BRDA:1740,191,1,3
BRDA:1740,193,1,3
BRDA:1741,192,0,3
BRDA:1741,193,2,3
BRDA:1756,192,1,3
BRDA:1757,194,0,3
BRDA:1769,194,1,3
BRDA:1777,196,0,-
BRDA:1778,195,0,3
BRDA:1783,196,1,3
BRDA:1787,195,1,3
BRDA:1808,198,0,1
BRDA:1809,197,0,1
BRDA:1811,198,1,1
BRDA:1815,199,1,1
BRDA:1821,199,0,-
BRDA:1821,200,1,1
BRDA:1832,200,2,1
BRDA:1836,201,1,1
BRDA:1842,201,0,-
BRDA:1845,197,1,3
BRDA:1861,207,0,3
BRDA:1861,208,1,3
BRDA:1862,202,0,3
BRDA:1864,203,0,1
BRDA:1864,204,1,3
BRDA:1872,203,1,1
BRDA:1872,204,2,3
BRDA:1873,205,0,1
BRDA:1877,205,1,1
BRDA:1878,206,0,1
BRDA:1882,206,1,1
BRDA:1883,207,1,3
BRDA:1883,208,2,3
BRDA:1892,202,1,1
BRDA:1892,209,2,1
BRDA:1899,222,0,2
BRDA:1900,210,0,2
BRDA:1916,211,1,2
BRDA:1924,211,2,1
BRDA:1926,212,0,1
BRDA:1926,214,1,1
BRDA:1927,213,0,1
BRDA:1927,214,2,1
BRDA:1932,214,0,-
BRDA:1935,213,1,1
BRDA:1935,215,0,1
BRDA:1940,215,1,1
BRDA:1942,212,1,1
BRDA:1942,215,2,1
BRDA:1944,216,0,1
BRDA:1944,217,1,1
BRDA:1948,217,2,1
BRDA:1948,218,1,1
BRDA:1953,218,0,-
BRDA:1955,216,1,1
BRDA:1955,218,2,1
BRDA:1957,219,0,1
BRDA:1957,220,1,1
BRDA:1961,220,2,1
BRDA:1961,221,1,1
BRDA:1966,221,0,-
BRDA:1969,219,1,1
BRDA:1969,221,2,1
BRDA:1969,227,0,1
BRDA:1969,229,1,1
BRDA:1970,222,1,2
BRDA:1974,223,1,2
BRDA:1980,223,2,1
BRDA:1981,224,0,1
BRDA:1981,225,1,1
BRDA:1985,225,2,1
BRDA:1985,226,1,1
BRDA:1990,226,0,-
BRDA:1992,224,1,2
BRDA:1992,226,2,1
BRDA:1993,227,1,1
BRDA:1993,228,1,1
BRDA:1997,228,2,1
BRDA:1997,229,2,1
BRDA:2001,229,0,-
BRDA:2004,210,1,2
BRDA:2004,231,0,2
BRDA:2005,230,0,2
BRDA:2005,237,0,1
BRDA:2005,238,1,1
BRDA:2006,231,1,2
BRDA:2014,232,0,1
BRDA:2014,234,1,1
BRDA:2015,233,0,1
BRDA:2015,234,2,1
BRDA:2021,234,0,-
BRDA:2024,232,1,1
BRDA:2024,233,1,2
BRDA:2028,235,0,1
BRDA:2028,236,1,1
BRDA:2034,236,0,-
BRDA:2037,235,1,1
BRDA:2037,236,2,1
BRDA:2041,237,1,1
BRDA:2041,238,2,1
BRDA:2047,238,0,-
BRDA:2049,230,1,2
BRDA:2057,239,1,1
BRDA:2059,239,1,-
BRDA:2059,243,0,1
BRDA:2060,240,0,1
BRDA:2065,241,1,1
BRDA:2070,241,1,-
BRDA:2073,242,0,-
BRDA:2076,242,1,-
BRDA:2076,245,0,-
BRDA:2077,243,1,1
BRDA:2079,244,1,1
BRDA:2085,244,1,-
BRDA:2088,245,1,-
BRDA:2090,240,1,1
BRDA:2100,246,0,-
BRDA:2102,246,1,3
BRDA:2105,248,0,1
BRDA:2106,247,0,3
BRDA:2107,248,1,1
BRDA:2109,247,1,3
BRDA:2121,249,0,-
BRDA:2126,249,1,1
BRDA:2130,251,1,1
BRDA:2131,250,0,1
BRDA:2131,251,2,1
BRDA:2133,251,0,-
BRDA:2138,250,1,2
BRDA:2143,252,0,1
BRDA:2148,254,0,1
BRDA:2148,255,0,1
BRDA:2149,253,0,1
BRDA:2150,254,1,1
BRDA:2151,255,1,1
BRDA:2155,252,1,3
BRDA:2155,253,1,1
BRF:574
BRH:519
DA:15,3,/6BCF/ROSidz51ZAydY62A
DA:16,3,IWWjrCeOtk8NNtrE95++2g
DA:17,3,AwpGUILSjGu34WAr6c5fRA
DA:18,3,LLYH8DoVAN+jfzd9Upv4FA
DA:19,3,CIIBhuNS68EPqhx28PBipg
DA:20,3,gGTQvjsCFZRTAK01JA8k5Q
DA:21,3,JuQm8hpyuabT2TKvPC7WEQ
DA:22,3,jEc91tz0B1b2beSYnS+UDQ
DA:23,3,0hwKoLJOBNjwQBXENlLfmg
DA:24,3,8YE0xzB9hr+2EavSdDYyRg
DA:26,3,RJ/JydJyAp/qch2Z3Cql/w
DA:27,3,1aLi/kUU1CWusG1MBzzHLQ
DA:29,3,6G0tbDCzFwI+Lhf7ZDKjsg
DA:30,3,PMwefAaRMqBUvfxK+JStig
DA:31,3,igzEos9FysHhXN7/Yhmbfg
DA:32,3,S2mc1cTRIJwN3REj5+iZ5Q
DA:33,3,tWmNq33HF4Z4uUZBONHcCw
DA:34,3,ASAekG9PCc65jTGjZn8mGA
DA:35,3,7x5NxmyprnxoKh2AMNOd7Q
DA:38,3,vNTGkS+Gm3HaB7Lrmc1zow
DA:39,3,FPDBGEbVnUw3zHQccRatYA
DA:40,3,5QFRIu+OxvAUl6xjKqBvCA
DA:42,3,ufYwxGuYb0+eSUfQa6X2tA
DA:44,3,/pUVhZxKrFgwuBuFlN1iUg
DA:45,3,G0glyEGRIVyDOdq7kLXteg
DA:46,3,ZFg4TdfKbgApCO5w6SjDPg
DA:50,3,Ryno464+zCyAEUlQhTRKKg
DA:52,3,aFZLHDwDYqSkcw8jBaopHg
DA:55,3,ghc0eoH+qWm46c4ZV51awg
DA:57,2,iynmhQAky2CYLtTXkDSVaQ
DA:60,3,HwYLTIGIUXvqoD8N3/TivA
DA:62,2,dpbm3AMTvHhGzmbY5H0ZxQ
DA:65,3,5agxQ0C2dy33RnDU9lefeA
DA:74,3,dBjlNBtslk06SyN1ytCmWg
DA:75,3,Uoz6/PBETww4pNSiQwEX3g
DA:76,3,56VCkBtj62u/nws7D248aA
DA:77,3,qkK7bF5PhEHDPg+RzVlYvA
DA:78,3,ULyoY9Fwf7TIFqo9Eg11Lw
DA:79,3,TZxH9xpscFZkBB9pgIvvkQ
DA:84,3,R3rjLOoLXePDOvIKjulzLA
DA:87,3,heN/oFrfCUupVihrcWpFDA
DA:100,3,g1qdoYUOciWjHmYXPYry8g
DA:103,3,06OMXlzmDcfSZZXf+q3Sng
DA:106,3,BiB5cyuTVN0sxKfwflsWTA
DA:126,3,zC+DvKHGJ6+6WCoKnTaeBQ
DA:136,3,+DyF6Y2z+XGqn7wHJ0xZjg
DA:141,3,UMzz5yem4+XZlyyVn1q2GA
DA:142,3,8HuEhbCTmXpMddNTo83keQ
DA:145,3,X5BpD9U7KOWysWSzktfbDw
DA:147,3,pvHeQ82OIsA++jH19sbwyg
DA:148,3,MlYN44S2J2Ero48MskQl7g
DA:149,3,VmW40WAT4hM4om1WkUpHVQ
DA:150,3,Uv2Mbcj0FJ1BNyP339Udyw
DA:153,3,D5UTX+cbCNyk38+V1rETHw
DA:156,3,rw49Jo7ozhRrO9BJhspFFA
DA:168,3,W/z4DtSUdE+IyaCm+7E+KQ
DA:169,3,eZirhPpQlPq45wwPC1sJvQ
DA:170,3,fbD523zQYeY4Ko9gyiQ+OA
DA:171,3,PJL+o8SVkp5FAROLNCG2qA
DA:172,3,Qsyf8O7e8jtKM/Jkt6oO9A
DA:173,3,P3ysGJyHvXeAaTZB8ZGTlA
DA:174,3,lnQy6fCn5Ubr8CCEwcgFkA
DA:177,3,dKkBUwirZemhga4BQDhaoA
DA:202,1,c97G+lLZIOvAyhlkOZAdHg
DA:203,1,QKLPAigiMUZDQg0+dAdaFw
DA:208,1,ctAIdz0xRUDHC7npgW7FeA
DA:209,1,QKLPAigiMUZDQg0+dAdaFw
DA:214,1,y25d6hx9YbmGzItPHsATdA
DA:216,1,ZukxBeye8WrzMnhqPGoc6w
DA:218,1,o/+5DV3jzQBgIEMcYkHxOw
DA:219,1,cUC+R1BpXk53dprMkhGC1Q
DA:220,1,nygAL5NEVS7BeatHrqMbvQ
DA:222,1,r/Cx7oqbnXsyAHY4xZvIIw
DA:224,1,HWP4oZ7f5yal9UOOw7jSsQ
DA:227,1,AAqscGaXkxwks7c4qquBJw
DA:229,1,Xh9NOFJCfvRVD0ilqmsWRA
DA:233,3,TJBmf7585ESEB2MUm0ZE9g
DA:237,3,UMAXx6e5cHU4sAhUlXW5rw
DA:243,3,eH1rlg1niiRCkzxa76v6wg
DA:249,3,/9sf4iybhHnX6YwviOcX8Q
DA:254,3,NayXqSAd+e97cnctlFjXfg
DA:255,3,QNntPqFgiMI7n6KwBZaxNA
DA:256,3,DGYvU6Zs0/Di2aw2be2B2Q
DA:261,3,ZstRk1G7G3MBjjpCQtYaNA
DA:265,3,M4/CD5yZ1LCD6PjfWlua1g
DA:266,3,K21tY8CO5mWgBq0K9Kzimg
DA:292,3,cO/qL/k8Bg19vOHrTjx5tQ
DA:302,3,0+7aBYS8Y0o5zyYfoDzs4w
DA:303,3,q3Apk0c1FaSaNGLaa+Mv2g
DA:304,3,tOvYjqFUNtinV4oQpHknxg
DA:305,3,5SkJRBk+TjYTnanqfxKMzg
DA:306,1,G2AMU4GHWU6HEB8EgoKiMg
DA:308,3,OZamVrZySIT+OaMo7KQ3Vw
DA:309,0,0M57JpKEz4sy9L47mGBY2w
DA:311,3,nlQob637lXaw6b458c2mgQ
DA:313,3,CBcrL05g3LMP0ot7p02ojw
DA:314,3,FWr3lcHqO0HwI3MNkcHeTg
DA:315,3,jPR0c4wRHDgUU0OAH5E97A
DA:316,3,pTuv2aOvL750nTY6WnsnoQ
DA:317,3,jZM5UsYkaFeEkiLlAcCCXg
DA:319,3,5SkJRBk+TjYTnanqfxKMzg
DA:320,1,P8+Xeg0opK+E9SNBMCZbpQ
DA:321,1,iatNFX6Vbtu2bcZtHcPgcQ
DA:322,1,cxsnKAuMkbgWGNWWtp+b9w
DA:323,1,drlVWKWnpCwhTeJQVtAIvg
DA:325,3,FbqTWeqPT+vZ4g5zeBwoIQ
DA:326,0,DhQsr3JKd7Ncdq1fUFNqTA
DA:328,3,ULDaoVnjN9cpIHIC7dRWAQ
DA:330,3,fo0CXelq6A2WgPPhlc0gPw
DA:331,3,ZGvj4+Iu1avfYvF7oXQgsA
DA:332,3,FOLOOaN0PFwF0SBAyWD+pA
DA:334,3,hknp1Bmq1Pc6jevYuIo7iA
DA:339,0,OEjXEkqOr3U2RKWnFPe3FQ
DA:352,3,L1ZHX6/mMekkFb6qixyekw
DA:353,3,ODA3+7DyoKdoJfe4kOYtBQ
DA:355,3,k8O4l/kK98xs8b2rCZFS8Q
DA:356,3,qpQN/m/zGZ0ThnvC8JRMrg
DA:358,3,YZzNvx5US7FfrwHfRjzwYA
DA:361,3,QqMMWz/wqnAU1CZJacIlUg
DA:362,1,WkeHPY6DZiKd1UQ0LHOQBw
DA:364,3,JS5wJzWdd/t3tcdnff4sjA
DA:366,3,sF0ln4ZySGetsZ6NofXLzg
DA:369,3,QqMMWz/wqnAU1CZJacIlUg
DA:370,1,WkeHPY6DZiKd1UQ0LHOQBw
DA:372,3,K0X0tvXELHxDwLPMG70+ww
DA:373,1,WkeHPY6DZiKd1UQ0LHOQBw
DA:375,3,Ng43YCWyLgb//rg02qyG+Q
DA:377,3,ex0IdocG7MfVgxMrgNT6Qg
DA:380,2,uS7QOHT86FcI8u8M1GKT4w
DA:381,2,WkeHPY6DZiKd1UQ0LHOQBw
DA:383,1,5FMomzgjV/rLs5N/IvzTFw
DA:384,1,WkeHPY6DZiKd1UQ0LHOQBw
DA:386,1,tEU7QogwuareS10m5VLd0Q
DA:387,0,WkeHPY6DZiKd1UQ0LHOQBw
DA:389,1,T5+H5lZK8OH8n7dQquaMbQ
DA:391,3,FR4fJCvAe75nPTylT9shOg
DA:394,2,uS7QOHT86FcI8u8M1GKT4w
DA:395,2,WkeHPY6DZiKd1UQ0LHOQBw
DA:397,1,5FMomzgjV/rLs5N/IvzTFw
DA:398,1,WkeHPY6DZiKd1UQ0LHOQBw
DA:400,1,Xn/pjJK7N2KmHhTDI0g4UA
DA:401,0,WkeHPY6DZiKd1UQ0LHOQBw
DA:403,1,pDXiJOEl7+SXwBdptCRYbA
DA:405,3,vCfARfVZGopm4LUA/C+bEQ
DA:408,2,uS7QOHT86FcI8u8M1GKT4w
DA:409,2,WkeHPY6DZiKd1UQ0LHOQBw
DA:411,1,5FMomzgjV/rLs5N/IvzTFw
DA:412,1,WkeHPY6DZiKd1UQ0LHOQBw
DA:414,1,fRYVVIlf85inE9pZbmbn6w
DA:416,3,amMtbnnD9ZQo+1ccw86mqA
DA:419,2,iIdJXJuzxalEMOBOqG1o5g
DA:422,2,vn4YP6q5VLxo5k3JzKfT8g
DA:423,2,WkeHPY6DZiKd1UQ0LHOQBw
DA:425,1,QhT9ghNu7fd8+zVGY/JC1w
DA:427,3,WqvZDyn4jaaKXN0useXPtA
DA:430,3,WQA0PLMjqDKdpcgzd79oxg
DA:431,1,WkeHPY6DZiKd1UQ0LHOQBw
DA:433,3,Jd6LnM2JljXIZrSG2yND1w
DA:435,3,dg/R9AV+QreAY8pasAtzOQ
DA:438,3,WQA0PLMjqDKdpcgzd79oxg
DA:439,1,WkeHPY6DZiKd1UQ0LHOQBw
DA:441,3,1p5DWKryG2GBRQw2CiuzaQ
DA:443,3,WJGrJLC20iTvaxhpqbB/9Q
DA:446,3,WQA0PLMjqDKdpcgzd79oxg
DA:447,0,WkeHPY6DZiKd1UQ0LHOQBw
DA:449,3,+r6PKhukhCZssEl6UrY6uA
DA:450,0,WkeHPY6DZiKd1UQ0LHOQBw
DA:452,3,2BW8Ir38peBGL7+BxaKmBA
DA:454,3,0AMTvPQxErRjlJKyBBXMXA
DA:457,3,WQA0PLMjqDKdpcgzd79oxg
DA:458,1,WkeHPY6DZiKd1UQ0LHOQBw
DA:460,3,+r6PKhukhCZssEl6UrY6uA
DA:461,0,WkeHPY6DZiKd1UQ0LHOQBw
DA:463,3,y1AaqaRCvizCUo8pbNuU1w
DA:464,1,WkeHPY6DZiKd1UQ0LHOQBw
DA:466,3,L12A0ry0Ewp4VNGZtPE3qw
DA:468,3,HZQ8GYNXIHx/mCKsFQGW0Q
DA:469,3,k/l5VmUyD80sAMWW5YI6Cg
DA:471,3,x8DXIXYJlVwh9W8NW2sKCw
DA:472,3,dDpI1xnYM7U9EkV5ygfLLg
DA:479,3,NEvUsMwT0kB+7YbDsLsHTg
DA:480,3,dDpI1xnYM7U9EkV5ygfLLg
DA:487,3,9hfkOGdN7Td9eIN2UEPksQ
DA:488,3,dDpI1xnYM7U9EkV5ygfLLg
DA:495,3,0lEVJcwBKGac6igjvMJMfA
DA:496,3,dDpI1xnYM7U9EkV5ygfLLg
DA:502,3,pdzF5+Gv0ozCBNq/H6/2Tw
DA:503,3,dDpI1xnYM7U9EkV5ygfLLg
DA:509,3,4NkXkrHCZdbVeWydMuJ2cQ
DA:510,3,dDpI1xnYM7U9EkV5ygfLLg
DA:516,3,5KWRPOlswTjaVKuTqA7qIw
DA:517,0,sFUkiUGxvRXqvGEcbl2FvQ
DA:519,3,vBkjDVU36DtXOpFPrg1CXA
DA:520,0,piKIoUA08J7hsI1BAmnQ6g
DA:522,3,e2YhbfAtXtLAjxjokJa1hw
DA:523,2,eGbZ4e9izlipkqVM9ZRO3Q
DA:526,3,57MK/n2oXK35MTdSOG7s0g
DA:527,2,yWQpBhJB26vWZgUSMmNtSw
DA:533,2,kYepGfEkPLowLUN/78OR5Q
DA:534,2,+r1+DDaV0y+d3Mt6MIRrDg
DA:536,1,sQWKipTuEzUkgF8030senA
DA:538,3,VC6MgHW8On9y8k2giH7qQQ
DA:540,3,3VXz0Erab2YbFlzVaGpRVw
DA:542,3,tMj75/DKNqiYc5WEVBxdMA
DA:544,3,4dAoR1kyTz1FrO/Jl4Q9rQ
DA:547,3,Hnvcn6OAOkmLHy4mB5voIQ
DA:549,3,4dAoR1kyTz1FrO/Jl4Q9rQ
DA:552,3,9rjBSD2aAtRmJgnAGc6C3A
DA:554,3,z9GVxq+MzliIArHJztKpzA
DA:556,3,w4rCRrK/Jg5SIhJrShzesw
DA:559,3,eS6P4Km2LWerNL7X7ohFqQ
DA:562,3,8UzHgxi1rWmocK/ES2J7FQ
DA:564,3,uNekPCNvxHJjfno5xr1xiw
DA:566,3,PhtDcaQmsGOyns6VNZF3Ww
DA:567,3,nb9x8cgrPQW+8Yq8kXvYBw
DA:568,0,ZalFQDha4PudZ1brD/Y9GA
DA:574,3,SQCKxBbjw5feSq0UN2YxZQ
DA:575,3,oVND6wve4h2tIS3NWkF5pQ
DA:596,3,cO/qL/k8Bg19vOHrTjx5tQ
DA:611,3,r7UQywvHbc6MgfSAJIEELA
DA:612,3,yD1q1sfpIUK4A1CZUybIZA
DA:613,3,fiRHIFy8fDW3QH0jc2mL9Q
DA:616,3,Y0ltUUhL6yiXdhY5yeX+cw
DA:619,3,vY5rziR45WBA0JZXAFt1CA
DA:620,3,WXShSAsTP5Tz+NxS7DccMg
DA:621,0,4MRsc3BuL7//R2uo6iAiAQ
DA:624,3,PuPs7nmhtpP8RcGHl1k5OA
DA:625,3,GZst109FisCUC5mKoGz/vA
DA:626,0,rVl4JCAhifwTAOGmMlvZww
DA:630,3,g6VflaM4U/1g9CDHL1+WXA
DA:631,3,wiFCcVlkRecRpD7L+YsmXA
DA:632,3,S0DCXk5n2fmGH2d3ksQJRw
DA:634,3,0+7aBYS8Y0o5zyYfoDzs4w
DA:635,3,KZfoKpOw/nT3XVHgjzNl/g
DA:636,3,VgEeNOlK9hI2azrtLu83Bg
DA:637,3,gUA/Qle1JomvGQ7l7Kcg9w
DA:639,3,OZamVrZySIT+OaMo7KQ3Vw
DA:640,1,0M57JpKEz4sy9L47mGBY2w
DA:642,3,nlQob637lXaw6b458c2mgQ
DA:644,3,CBcrL05g3LMP0ot7p02ojw
DA:645,3,KZfoKpOw/nT3XVHgjzNl/g
DA:646,3,GUamXIs0Avz0qsnIZfICdQ
DA:647,3,78w2ImGCJ3R1N5rOSVbadQ
DA:649,3,FbqTWeqPT+vZ4g5zeBwoIQ
DA:650,1,DhQsr3JKd7Ncdq1fUFNqTA
DA:652,3,ULDaoVnjN9cpIHIC7dRWAQ
DA:657,3,18NjVn0jzjCvgu//Empihg
DA:658,3,XHOOdlur/o+w9+BabDTr9g
DA:659,3,hy3O0w+KAieezvgC1yOTFA
DA:660,3,Ow2EKkRfykiIiPxoBZsemg
DA:661,3,v003jUTKofo5Kb/RCHGiiA
DA:662,3,KZfoKpOw/nT3XVHgjzNl/g
DA:663,3,l7eo1enIVoK+f+s8ab1Y9A
DA:665,3,aiuZcRgakBRHY0HZ6qo+bw
DA:666,3,YHUbNcVmN6li4A/zxGlSgA
DA:668,3,lPWtXEUPLtZozAnDXyKADA
DA:669,3,QRFS2z0ltAqxu12dPPk3Hw
DA:670,3,0ZsWqRjMlKD88qNBtSwklw
DA:671,3,HTrUFFjbH8lZwwjnEtGobQ
DA:673,3,6Q/yDlqTLCLXxyDsSxZSkw
DA:676,3,g2e16nbCo2Dd6LdjBphD1w
DA:677,3,gygW4hj9l0ujiOrmAdUj+A
DA:678,3,rWEkIIozm5M/UuGX/Z5Nxw
DA:680,3,qs26tERi1MXujSVhMwx3lw
DA:681,3,AtGOzVYPbQsKybUcSF7pKA
DA:682,3,Lj1oNSYv/AKHSgsc8cwYLA
DA:683,3,KiUlyEQd+QFH3o6fQ7r9cw
DA:685,3,m8ZfKdvewo/Sz+n8miqvLg
DA:688,3,XDAVFDIMf0swERISVpxS+w
DA:689,3,xYfIxUeKlFuoAhCHyDZupA
DA:690,3,Ki172V0mMOMNieke5wOwuQ
DA:692,3,qs26tERi1MXujSVhMwx3lw
DA:693,3,AtGOzVYPbQsKybUcSF7pKA
DA:694,3,Lj1oNSYv/AKHSgsc8cwYLA
DA:695,3,KiUlyEQd+QFH3o6fQ7r9cw
DA:697,3,m8ZfKdvewo/Sz+n8miqvLg
DA:700,3,ghQ0lvil6dpvpn3NRcyVwA
DA:701,3,5S6emAPCdhANfTj1uawc5g
DA:703,3,lPWtXEUPLtZozAnDXyKADA
DA:704,3,QRFS2z0ltAqxu12dPPk3Hw
DA:705,3,0ZsWqRjMlKD88qNBtSwklw
DA:706,3,HTrUFFjbH8lZwwjnEtGobQ
DA:708,3,6Q/yDlqTLCLXxyDsSxZSkw
DA:711,3,NFalq2C6i3ffBH7q9NvUeQ
DA:712,1,gygW4hj9l0ujiOrmAdUj+A
DA:713,1,VNWTdcgJtP4/x9yKbtKjsA
DA:715,1,qs26tERi1MXujSVhMwx3lw
DA:716,1,AtGOzVYPbQsKybUcSF7pKA
DA:717,1,KiUlyEQd+QFH3o6fQ7r9cw
DA:719,1,m8ZfKdvewo/Sz+n8miqvLg
DA:722,3,SaoWzVKUNtluCbeG23YUCw
DA:723,1,gygW4hj9l0ujiOrmAdUj+A
DA:724,1,R+HxiX2fv/Uc9n589JX4zQ
DA:725,1,nYE8crgjyxYJqtxTE2fljA
DA:727,1,HjJqn2GNqqF1q1akYKRj9A
DA:728,1,agTALsCfnsFhJAAUIgQAmQ
DA:729,1,urtdRZ3g0L/VjXV7AzVITw
DA:731,1,x6QmKDKQ7FN9MiUJ2ogkcA
DA:734,3,Lx1zwLHrN0kbGvwWEBgsww
DA:735,1,gygW4hj9l0ujiOrmAdUj+A
DA:736,1,CpcM6hNTbHOvAL7EL8JbiA
DA:738,1,qs26tERi1MXujSVhMwx3lw
DA:739,1,AtGOzVYPbQsKybUcSF7pKA
DA:740,1,KiUlyEQd+QFH3o6fQ7r9cw
DA:742,1,m8ZfKdvewo/Sz+n8miqvLg
DA:744,3,4sckv0mDmhOgpDQdRTC/4g
DA:746,3,E8W/T4PsCHxUhJB3/HgpOw
DA:747,3,g9l3NdnuRw1C9FqlfFQIGA
DA:748,0,WkeHPY6DZiKd1UQ0LHOQBw
DA:749,3,q3hv9HuTheTMCfTngSrqvg
DA:751,3,NO4PtLZNeE6iC/kBoxCRjA
DA:752,2,4R6BMBI2EsS2AJQPGsEa2w
DA:754,3,ayDsY8vb/9ot65w5L4GICg
DA:755,2,DT/lC9rAYP3Dx/mzqvMuMA
DA:757,3,jobcDO1D8r4GfDzS9Kjffg
DA:759,3,AttaAmjhHvsRPfpJLkdD9g
DA:761,3,jYL0eSjSQ83mdI1jSuZFoQ
DA:762,3,pVf4vDy9WJmUpEMF3ui44A
DA:764,3,GrbkKJaaNb8u4kwdms9G0g
DA:768,3,emxt22LRNcRk4fAdILxxjQ
DA:774,3,hC8ic+wv8fE7aoAUz/VpWw
DA:781,3,V7nqL4bo/52tlH2UXcbNvg
DA:782,3,yBka9sLv+qfx/4N4+WfDGQ
DA:783,3,RS6dUi3yTmsgTzqYWLFpxw
DA:784,3,C2ab2E1btzpVQ0OrZvwevQ
DA:787,3,lbEr8uQE0c0AkDABrOTTPA
DA:788,0,y1cSGnpDs7i9kEdglHZlPg
DA:790,3,tV/eV0g8Cvoew6uUVa7mZA
DA:791,3,jqB9F9EV5BWyU1brL56/Ng
DA:797,2,Uc2jsGekAnlJpAa6x8S0fw
DA:804,3,57LK518PFmQeLluCVAPyuw
DA:806,3,YpEgj92OVdMWkcsme/Srbw
DA:809,3,FIxtDNrZ8ckmntSiGB0AVQ
DA:810,3,Q6qV125JpAoBa71jcMn6TA
DA:820,1,WkeHPY6DZiKd1UQ0LHOQBw
DA:822,3,45o+m0V6pWHtFnukhIEyFQ
DA:826,0,2jR4vdrrcp3BlTMYoP/7dg
DA:835,3,1I9644hSK7jOKcPjwozuzw
DA:839,1,jBcqErluAFqFGyxHJ5/kvg
DA:840,1,i4NZmbdwwojdiJXFgEHnNw
DA:841,1,nn3O6kMq/QRgmYycpLhMXQ
DA:843,1,gygW4hj9l0ujiOrmAdUj+A
DA:844,1,jCGx55ElJiWlq49awiyWxw
DA:854,1,nn3O6kMq/QRgmYycpLhMXQ
DA:856,1,drwEJ64ahB4vdtKXEAG2Wg
DA:865,1,nn3O6kMq/QRgmYycpLhMXQ
DA:867,1,xYfIxUeKlFuoAhCHyDZupA
DA:868,1,jCGx55ElJiWlq49awiyWxw
DA:879,1,nn3O6kMq/QRgmYycpLhMXQ
DA:881,1,drwEJ64ahB4vdtKXEAG2Wg
DA:891,1,nwqAchrVoQGbti+Mza/06w
DA:893,3,uqUlaJ3qbeAmxkNt6ZRTgQ
DA:894,3,Ld/JQML448jiB0DvzlOmjA
DA:895,3,27TV4UZ+TRlU3NDoNSjKIQ
DA:896,3,bUv8nyll5LeiM8sLJv9JnQ
DA:897,3,B9jxc1x+sgfpqsgQWdllgA
DA:899,3,w45dlCLtIG+dDGG4X4612A
DA:901,3,i4NZmbdwwojdiJXFgEHnNw
DA:902,3,BLShARRbFZton9OGbf4FiQ
DA:907,3,ngJRNMRroCV/gb6bbF3JJw
DA:908,3,8Wz1aDPMowd2TJ0R4nkJvA
DA:909,3,gygW4hj9l0ujiOrmAdUj+A
DA:910,3,NnxuGf2Ng7ueDF6J/uPsTA
DA:919,3,BLShARRbFZton9OGbf4FiQ
DA:924,3,ngJRNMRroCV/gb6bbF3JJw
DA:925,3,8Wz1aDPMowd2TJ0R4nkJvA
DA:926,3,cwYd73JQTXCG+0i0bPvXDw
DA:933,3,BLShARRbFZton9OGbf4FiQ
DA:939,1,ngJRNMRroCV/gb6bbF3JJw
DA:940,1,8Wz1aDPMowd2TJ0R4nkJvA
DA:941,1,gygW4hj9l0ujiOrmAdUj+A
DA:942,1,NnxuGf2Ng7ueDF6J/uPsTA
DA:952,3,qREHgbHy3M6hdcIXSFfABQ
DA:953,3,i4NZmbdwwojdiJXFgEHnNw
DA:954,3,/EAd59Ej07IMcN8gzbWZlg
DA:956,3,mPouFcW90H5r5Bw0ujEdFg
DA:958,3,gi5m1sSRv/9qkY3h5mWHrg
DA:959,3,0EQjliwJWoKV90PdFfVy2w
DA:960,3,gygW4hj9l0ujiOrmAdUj+A
DA:961,3,bcMvCSHG+UoAvI4UauFlOA
DA:975,3,mPouFcW90H5r5Bw0ujEdFg
DA:977,3,gi5m1sSRv/9qkY3h5mWHrg
DA:978,3,0EQjliwJWoKV90PdFfVy2w
DA:979,3,oOwkAoXyeJseH7kPcbENZQ
DA:993,3,mPouFcW90H5r5Bw0ujEdFg
DA:995,1,gi5m1sSRv/9qkY3h5mWHrg
DA:996,1,0EQjliwJWoKV90PdFfVy2w
DA:997,1,gygW4hj9l0ujiOrmAdUj+A
DA:998,1,h/mKnKUaGS+ry3kUKOZEfQ
DA:1013,3,ysbPa8vvKTo+u3nhsN6T0g
DA:1048,3,h2n1ZxE5LtO5xhkyBiRr4Q
DA:1049,3,CdgYVu391xynCOV38eZxFg
DA:1053,3,lSffQduLkMSLMkfHOU0nkg
DA:1054,3,ixNW4m/rlo3vEt7u7Raz8w
DA:1058,3,AYFT7fnoG9jplWpAv5F+nw
DA:1060,3,+DQpBCkLxre9kOIGHflNcg
DA:1062,3,i4NZmbdwwojdiJXFgEHnNw
DA:1063,3,/EAd59Ej07IMcN8gzbWZlg
DA:1064,3,O9o3G2nt8poImq7VWvrLMA
DA:1066,3,BwCfyEnYE89dvGyP2GsMBQ
DA:1067,3,7gyfzI75Z5U/54umYxd9DA
DA:1068,3,y1cSGnpDs7i9kEdglHZlPg
DA:1069,3,QeFujZ+UE/CbmbO3oFUZ1Q
DA:1072,3,Hjy94mkSNLASfTHNe9T56Q
DA:1079,1,y1cSGnpDs7i9kEdglHZlPg
DA:1081,3,YleaEBLuSMQN/e/PzJxeeg
DA:1082,3,v6VGxxFuJE1jkSFUA4XAsA
DA:1100,3,VrANXDMSnkXaD/yPKBfHOA
DA:1105,3,i4NZmbdwwojdiJXFgEHnNw
DA:1106,3,/EAd59Ej07IMcN8gzbWZlg
DA:1107,3,4j84yST7kJimpOAyidrFSA
DA:1110,3,PSstqwkfXEoCKb3Iu2ofVA
DA:1111,3,EtZFGITAJtIVQPECZ3ETng
DA:1126,3,ecmUM7sce3vSG7FfxDQ4SQ
DA:1128,3,i4NZmbdwwojdiJXFgEHnNw
DA:1129,3,/EAd59Ej07IMcN8gzbWZlg
DA:1131,3,sRZ9h37jw/xndzKIdxwMEA
DA:1134,3,8NfxcFUT09fp4YeIcORdKQ
DA:1135,3,EtZFGITAJtIVQPECZ3ETng
DA:1148,3,JxHjfi37JJnZw3hOyF7jBQ
DA:1151,3,JkMRfUxNjn25Qgoti/nfaQ
DA:1152,1,gygW4hj9l0ujiOrmAdUj+A
DA:1153,1,qksYmsJaDGLgfOc1cjYDBw
DA:1166,3,vGzHlIWtYFrC4Bv+J7a3Dw
DA:1167,3,i4NZmbdwwojdiJXFgEHnNw
DA:1168,3,/EAd59Ej07IMcN8gzbWZlg
DA:1170,3,Pa692P62rhewbi+lycGiQA
DA:1171,3,I6fQ9Z7Csx1KYrMj5OBq5w
DA:1172,3,FU35OwPM93lFLE7yPG+3eQ
DA:1173,3,xS0k+Y7PMvpKL33jDnmd2Q
DA:1177,3,lNfZadwmKW6kwyxBnOr8Og
DA:1191,3,m8d9W1ZmvfGcaovj17segw
DA:1192,3,KEvkETYhm8/l97w8SKjh7A
DA:1193,1,FU35OwPM93lFLE7yPG+3eQ
DA:1194,1,xS0k+Y7PMvpKL33jDnmd2Q
DA:1198,1,KnRjChULd5ck5UEcpd8Ikw
DA:1199,1,makEc1zC38QO43R6Ze3/Yg
DA:1213,3,4fD4mmBAo7Vd7uUBQttlRg
DA:1215,3,i4NZmbdwwojdiJXFgEHnNw
DA:1216,3,/EAd59Ej07IMcN8gzbWZlg
DA:1218,3,sRZ9h37jw/xndzKIdxwMEA
DA:1221,3,8NfxcFUT09fp4YeIcORdKQ
DA:1222,3,oOwkAoXyeJseH7kPcbENZQ
DA:1232,3,JxHjfi37JJnZw3hOyF7jBQ
DA:1235,3,JkMRfUxNjn25Qgoti/nfaQ
DA:1236,1,gygW4hj9l0ujiOrmAdUj+A
DA:1237,1,bcMvCSHG+UoAvI4UauFlOA
DA:1247,3,5WnUKGqEO8gB1BgDl2dM5Q
DA:1249,3,i4NZmbdwwojdiJXFgEHnNw
DA:1250,3,/EAd59Ej07IMcN8gzbWZlg
DA:1252,3,sRZ9h37jw/xndzKIdxwMEA
DA:1255,3,8NfxcFUT09fp4YeIcORdKQ
DA:1256,3,JL9O3VWKEcZ2d5zM1QV+9g
DA:1272,3,JxHjfi37JJnZw3hOyF7jBQ
DA:1275,3,JkMRfUxNjn25Qgoti/nfaQ
DA:1276,1,gygW4hj9l0ujiOrmAdUj+A
DA:1277,1,tfJBNdLxRscTc3ay8SMmKQ
DA:1292,3,bqlz/uHbzq4LwDd3sRZWQA
DA:1294,3,mv0wbWqZzkOoxfebBuARGQ
DA:1295,3,1rqP+yCcQo2zCgYrPpl/5w
DA:1301,3,M2QZu9fbDl8mmExyISQbXQ
DA:1302,3,JXzxhRuexjpTA8EUUlSnFA
DA:1306,3,JlSTVwVnzoNjZCmuAXxlTQ
DA:1310,3,aR8wF8Eay57vfInSh4Etog
DA:1312,3,KnRjChULd5ck5UEcpd8Ikw
DA:1313,3,h/mKnKUaGS+ry3kUKOZEfQ
DA:1323,3,aR8wF8Eay57vfInSh4Etog
DA:1324,3,5L2py1Z112gfA48S520GLA
DA:1325,3,sOvtOfk75TbAtTgkgicGHg
DA:1326,3,Uwi9IDAKudUy+xoKXO5qtA
DA:1329,3,Mmb4rEk49zkBe+hLeUvQ4g
DA:1336,1,sOvtOfk75TbAtTgkgicGHg
DA:1338,3,KnRjChULd5ck5UEcpd8Ikw
DA:1339,3,TM4QOpgy83YWaCdvOocZgQ
DA:1358,3,2pa6bMqg+8Q2gff7A2c7nA
DA:1361,3,CadUc4NZ13kPlcelY6/YjA
DA:1362,3,bcMvCSHG+UoAvI4UauFlOA
DA:1373,3,CadUc4NZ13kPlcelY6/YjA
DA:1374,3,5L2py1Z112gfA48S520GLA
DA:1375,3,sOvtOfk75TbAtTgkgicGHg
DA:1377,3,Uwi9IDAKudUy+xoKXO5qtA
DA:1380,3,Mmb4rEk49zkBe+hLeUvQ4g
DA:1387,0,sOvtOfk75TbAtTgkgicGHg
DA:1389,3,VFo85BifGCQNF97yNh2sCA
DA:1408,3,+b43wo0z+0vTeg4RxPqsbQ
DA:1411,3,hFPfphCtwV4CDky7pgVz9w
DA:1412,3,bcMvCSHG+UoAvI4UauFlOA
DA:1424,3,XqlOmDCWTCKLoX+R9JMCcg
DA:1429,3,vkyo+ZYdp8VYhtahPvoJ0w
DA:1430,1,2gy2ZLJLMTQsoz1UrUh6Qg
DA:1431,1,h/mKnKUaGS+ry3kUKOZEfQ
DA:1447,3,vkyo+ZYdp8VYhtahPvoJ0w
DA:1448,1,5L2py1Z112gfA48S520GLA
DA:1449,1,sOvtOfk75TbAtTgkgicGHg
DA:1451,1,Uwi9IDAKudUy+xoKXO5qtA
DA:1454,1,Mmb4rEk49zkBe+hLeUvQ4g
DA:1455,0,sOvtOfk75TbAtTgkgicGHg
DA:1457,1,2gy2ZLJLMTQsoz1UrUh6Qg
DA:1458,1,TM4QOpgy83YWaCdvOocZgQ
DA:1477,3,lCpkiOdd+6yVk3WFU85z2Q
DA:1482,3,7fc4rwrH62QrIFzs/KqpnQ
DA:1483,1,2gy2ZLJLMTQsoz1UrUh6Qg
DA:1484,1,LiwfIqHGIkfnbKeCwuIc/Q
DA:1503,3,zp5YaUFAb3PMAB5evOetsA
DA:1504,3,kYgHJFsiB6JvdscJ7FjlXg
DA:1505,3,nn3O6kMq/QRgmYycpLhMXQ
DA:1507,3,67ON9/z04568Aqw8qmWKzw
DA:1512,1,y1cSGnpDs7i9kEdglHZlPg
DA:1513,3,gygW4hj9l0ujiOrmAdUj+A
DA:1514,3,IOEO8itDTR0MjE5BR4iU8w
DA:1515,3,sOvtOfk75TbAtTgkgicGHg
DA:1516,3,bcMvCSHG+UoAvI4UauFlOA
DA:1528,3,AUu+Lzoo9cowQSevoeETag
DA:1530,3,4ubOFMGwL1M2WtV0VqIHSQ
DA:1533,3,NH/hcV2+qcuo0s/VQ05I7g
DA:1535,3,iHq7GdDjNSBe1ZIdgnB1qg
DA:1538,3,B3mBsSbp81rX/ABSUMGWVA
DA:1540,3,+QDmf9ThQG8cF/XUI27HOQ
DA:1542,3,IGJfePw8Tf42gWzBph/XQw
DA:1544,3,p8JdaXggckE0zBPLk+CLSw
DA:1546,3,ENCh2WcdptUHceRs05NkOw
DA:1549,3,8U1NcD6wwikvCtoEeZkqeA
DA:1552,3,WDW/OII1WItLNlyxER1tsw
DA:1556,3,Ra/cNSnTLoUX7cjOsk3ItQ
DA:1558,3,kYgHJFsiB6JvdscJ7FjlXg
DA:1559,3,/EAd59Ej07IMcN8gzbWZlg
DA:1560,3,g2e16nbCo2Dd6LdjBphD1w
DA:1561,3,n54iXg0G68mgYbKGgB6aTQ
DA:1562,3,rWEkIIozm5M/UuGX/Z5Nxw
DA:1564,3,FdOa+EwPh9e25oVVrYbnxA
DA:1571,3,7Af2QVJJ2mKblvcWzzVkxg
DA:1573,3,kYgHJFsiB6JvdscJ7FjlXg
DA:1574,3,/EAd59Ej07IMcN8gzbWZlg
DA:1576,3,aiuZcRgakBRHY0HZ6qo+bw
DA:1577,3,YHUbNcVmN6li4A/zxGlSgA
DA:1579,3,QMIJjYtVLhQUGb00ATXtIg
DA:1587,3,XDAVFDIMf0swERISVpxS+w
DA:1588,3,xYfIxUeKlFuoAhCHyDZupA
DA:1589,3,Ki172V0mMOMNieke5wOwuQ
DA:1591,3,FdOa+EwPh9e25oVVrYbnxA
DA:1599,3,ghQ0lvil6dpvpn3NRcyVwA
DA:1600,3,5S6emAPCdhANfTj1uawc5g
DA:1602,3,QMIJjYtVLhQUGb00ATXtIg
DA:1610,3,AW1ZuMwCfnWHqqKbxSq++g
DA:1611,3,kYgHJFsiB6JvdscJ7FjlXg
DA:1612,3,/EAd59Ej07IMcN8gzbWZlg
DA:1613,3,NFalq2C6i3ffBH7q9NvUeQ
DA:1614,1,n54iXg0G68mgYbKGgB6aTQ
DA:1615,1,VNWTdcgJtP4/x9yKbtKjsA
DA:1617,1,FdOa+EwPh9e25oVVrYbnxA
DA:1624,3,SaoWzVKUNtluCbeG23YUCw
DA:1625,1,n54iXg0G68mgYbKGgB6aTQ
DA:1626,1,R+HxiX2fv/Uc9n589JX4zQ
DA:1627,1,nYE8crgjyxYJqtxTE2fljA
DA:1629,1,QN9jzKJAiUODyiyKKCutGA
DA:1636,3,Lx1zwLHrN0kbGvwWEBgsww
DA:1637,1,n54iXg0G68mgYbKGgB6aTQ
DA:1638,1,CpcM6hNTbHOvAL7EL8JbiA
DA:1640,1,FdOa+EwPh9e25oVVrYbnxA
DA:1648,3,ihrucJ9Rfxk0ftCC4J9UFA
DA:1649,3,UdBTqRiIKpSY2BZUCUMMSQ
DA:1650,3,qEhR4VsyFy76Sc402EqQ9w
DA:1651,3,t4tAfMOQATKmPUIYATV42Q
DA:1655,3,+bp4o7rXjA5+HLIRPfSvzA
DA:1669,3,OV4nwOAH60yJlTkZoHmR9A
DA:1670,3,KcfgKo6Uxsuz9c/YCKO5cw
DA:1672,3,uxI7WPeeCPDVXWPzFE+zxw
DA:1673,3,c5zvOo/lkvJFITyA6+Q8Fg
DA:1675,3,sepIuQloLlUaYVWI0xDOOw
DA:1676,3,NJd/WvS7m4IIMUCHW+rB7w
DA:1678,3,T8cldFyGqd4tvVtY1QPNqQ
DA:1681,3,87iiemmB5ilzXfm3KCKm+w
DA:1686,3,NUnJavb+eG35eLwga5MG3w
DA:1689,3,87iiemmB5ilzXfm3KCKm+w
DA:1694,3,MwNfmDqcrjO1vox4rEO6Vg
DA:1697,1,87iiemmB5ilzXfm3KCKm+w
DA:1702,3,h4JIvIG0ukiI6trExZzXYg
DA:1705,3,blTLIb76za7IneZZPeTU1g
DA:1706,3,TzEd2oOvjANRzh1DSIA0gQ
DA:1707,3,eZH5MQnZTqiU3oS2/qAacg
DA:1708,3,mk7HtVZkyVq1s/X11g7VkA
DA:1709,3,8K1rKkW3gMO1+aluiBMKwg
DA:1711,3,wssCxJvOynrni9cM52B6hw
DA:1712,3,fQlHeQ5CD35oott81uZz/w
DA:1713,3,dvSN8ebwYrCz73QTP2cxeQ
DA:1727,3,2V8WavbnliFKwpiE40u+Iw
DA:1728,3,2qDI+xlftW0yYwgWTorirA
DA:1740,3,pZ2N3CUljM7eNdPMD2QtgQ
DA:1741,3,OnbgT6Wb2QeUUjpFRhw1nQ
DA:1756,3,3gmop0I+6/+UQ01ubSkIUw
DA:1757,3,4+bOKW0m1F+dvsMgElS5lQ
DA:1769,3,LrRa2RsEcgVHcHKklxYwNQ
DA:1775,3,NyKK9JdUy2dmQVok73MGOg
DA:1777,3,juU3JLLyVQtl7VbRi+5pQg
DA:1778,3,QFBGQg95OfPu4JmEShyvjg
DA:1779,3,Tcsp/GCAJxtDkVFryhYhLg
DA:1780,3,Nlgt35JeJPGVzikSMBLOpQ
DA:1782,3,ETVM4Djm9gAcOUg6njSQ7w
DA:1783,3,F/b+b0HWfIYi0t3jQyex4Q
DA:1787,3,5DB5ax5lyVE8DJlaTvt4/Q
DA:1789,3,OEjXEkqOr3U2RKWnFPe3FQ
DA:1795,3,p2djFwaWQevOQt/L2+4peQ
DA:1799,3,wssCxJvOynrni9cM52B6hw
DA:1800,3,8K1rKkW3gMO1+aluiBMKwg
DA:1802,3,LrRa2RsEcgVHcHKklxYwNQ
DA:1808,3,XG4Oy0uXrGA6DJa5X06WUw
DA:1809,1,IXvwgdAiasAwmbfp18WI5w
DA:1810,1,MVLQk8k1UCGwMtH0odQqmA
DA:1811,1,6joRZDytmXN1qGjThvn8jw
DA:1814,1,/6NTdT371uD6wsCybMoc0Q
DA:1815,1,YA+smJlupZ1NeQUVw7E6Pg
DA:1821,1,+u5tidxaBt6aW3PYP8GG+w
DA:1832,1,egLR3vnjOcNlUQ7ghf0IBQ
DA:1835,1,333mjsig3Hva4TePNVFs8w
DA:1836,1,/BtuWwTqT8pcqJQ8d0TPoA
DA:1842,1,K4JvdjG+j+CA4K1L5+Blng
DA:1845,3,8o3qvLWVIX/u3MRqMKXjag
DA:1847,3,MPz16E68y9ob63VcmitmmA
DA:1860,3,RyjMjhVrA96jl3RfsZlU2Q
DA:1861,3,kYgHJFsiB6JvdscJ7FjlXg
DA:1862,3,/EAd59Ej07IMcN8gzbWZlg
DA:1863,3,heWHl7h0d58IjwXCxk3EXw
DA:1864,3,WJ7GX3zCeD9FahlthF+gQg
DA:1872,3,0BoLK4cYE2cq7dMo3zgJvA
DA:1873,3,FZo+FlmoVFgCcFWVKF9VVw
DA:1877,3,+h0UxRAj+wQgalOVXMPM+w
DA:1878,3,FZo+FlmoVFgCcFWVKF9VVw
DA:1882,3,8wV8pSDi69HvilnrQcBjxw
DA:1883,3,WJ7GX3zCeD9FahlthF+gQg
DA:1892,3,qUIlzLeYPO1ydx9lg2TbLg
DA:1894,3,faPiIAwzNiKrwkRhnwCoig
DA:1899,2,kYgHJFsiB6JvdscJ7FjlXg
DA:1900,2,/EAd59Ej07IMcN8gzbWZlg
DA:1903,2,zS5sKd++x2IT9WAmxkcSdg
DA:1908,2,cJYrZg/78xH9s0ScjTsxQw
DA:1911,2,vtOv0Bvigrvc241V4dv6qw
DA:1916,2,3wQM2H37M0rJ3psps00rxg
DA:1924,2,4MsRAOLNTkYtv/rGFBaxIg
DA:1926,2,YleaEBLuSMQN/e/PzJxeeg
DA:1927,2,SSvT69RxxL0VQ/vTh0yXDA
DA:1932,1,kycMaH6XbPuAfUpgfG1Lbg
DA:1935,2,LffsayIsJVc1C2k+q68yNw
DA:1940,2,8/Y2iMxSpHDElQkL+DtqWQ
DA:1942,2,WD5Gf3Lv9fAz32vKZUsKIw
DA:1944,2,nfbJAOu+L7V8cEq0P7yE6w
DA:1948,2,Jcold/DNqmGedbbzLCxRzw
DA:1953,1,8/Y2iMxSpHDElQkL+DtqWQ
DA:1955,2,I8P3BFkLACD0TOKj9Cn7Cw
DA:1957,2,hSwZUvZIiGhcPbM1PDBOsA
DA:1961,2,7maLPv+ygHneA4F91jxnxA
DA:1966,1,8/Y2iMxSpHDElQkL+DtqWQ
DA:1969,2,P8+Xeg0opK+E9SNBMCZbpQ
DA:1970,2,bEdMtb5X3Z6TvHRJrpFkvg
DA:1972,2,Gn6fIqKFP4czHFgN0SPYiQ
DA:1974,2,QX8WhbFMKDFaphOqGSjluw
DA:1980,2,Vj+iR3FpycK1Se2WUxizVw
DA:1981,1,OSVwVM8DbT33/dtF7u5oCw
DA:1985,1,lrO3pILmdQFM0JsCJoBVRQ
DA:1990,0,kycMaH6XbPuAfUpgfG1Lbg
DA:1992,2,ZFUEcOpjcAwuQA0vmNZpJQ
DA:1993,1,4lEtVXh6mriFEyLnfoS9sg
DA:1997,1,SSvT69RxxL0VQ/vTh0yXDA
DA:2001,0,kycMaH6XbPuAfUpgfG1Lbg
DA:2004,2,mv0wbWqZzkOoxfebBuARGQ
DA:2005,2,1rqP+yCcQo2zCgYrPpl/5w
DA:2006,2,M2QZu9fbDl8mmExyISQbXQ
DA:2007,2,JXzxhRuexjpTA8EUUlSnFA
DA:2010,2,tAWSOaVmFgefuIIfboLW5Q
DA:2013,2,JvlbbAO4y2JFLuynuCVfag
DA:2014,2,KnRjChULd5ck5UEcpd8Ikw
DA:2015,2,/3gTtQBQjPVDuaUOM4Q7rw
DA:2021,1,Z3illDAWC6NhMs/1Xu+uwg
DA:2024,2,DaHwWKac4s6v5kKHGveegA
DA:2027,2,Ni+XMop6CdNWZ5cVNzV1wQ
DA:2028,2,SSvT69RxxL0VQ/vTh0yXDA
DA:2034,0,kycMaH6XbPuAfUpgfG1Lbg
DA:2037,2,kkwk5Qj1Mga0qoVeFDJhSw
DA:2040,2,kqeS5HVef9Zqow6uja4uCg
DA:2041,2,SSvT69RxxL0VQ/vTh0yXDA
DA:2047,0,kycMaH6XbPuAfUpgfG1Lbg
DA:2049,2,LWILTcvARcydjFFyo9qM0A
DA:2051,3,FgGCqZUFimfwaxSSun0ESA
DA:2057,1,6EVOrqk/Tu61ec5JJpvM7A
DA:2059,1,kYgHJFsiB6JvdscJ7FjlXg
DA:2060,1,/EAd59Ej07IMcN8gzbWZlg
DA:2063,1,Z5QSAR7ZF2nKp+GHy/cDHw
DA:2065,1,fwQOPSmBErA6YyikzrW4dw
DA:2070,1,OURPDBhVoaMOd4r/KVNI9A
DA:2073,1,W/g8GJDAYJkSSurt59Mzfw
DA:2076,1,MVLQk8k1UCGwMtH0odQqmA
DA:2077,1,W+wQp6FFtcIrm/lpYfbnYQ
DA:2079,1,zU5/WOh4JVBrgOAoRN8+1A
DA:2085,1,E4R7T2mA5F9HRahaP+dRBA
DA:2088,0,8/Y2iMxSpHDElQkL+DtqWQ
DA:2090,1,LWILTcvARcydjFFyo9qM0A
DA:2092,3,HCGb+HwQGzIzY3OGc1c8MA
DA:2098,3,KiPMe5CLS3zUWeQfcTy0Yg
DA:2099,3,F2pIsjpth15rdBi16cm0FA
DA:2100,0,zsmW6he7yOn2JIM5mqk7EQ
DA:2102,3,8vKJqltNyNT6CAi25DsVWA
DA:2105,3,vcQHM7rTY4YkrJcc4fOfhg
DA:2106,3,Qj3txaQDKR5FRBq8TMDLcw
DA:2107,2,wLKWNKIhX6MInfDC6b9hOg
DA:2109,3,FRr3vzn61Kd1t1ngpEuGmQ
DA:2111,3,MLTVNGQZjg8R6wjJUU2Hsw
DA:2119,3,4xXrG4bAaEL/ngzDFKz5xA
DA:2120,3,1FoZSB2oAyl3WH/QOgYWGw
DA:2121,2,Z0IzsT/PcdyMh49W5yBHXQ
DA:2126,2,Z0IzsT/PcdyMh49W5yBHXQ
DA:2130,2,EdR81vrFMTx2iKw+7u8wdg
DA:2131,2,jsNbSCh638LfB7zHMOhb+Q
DA:2133,1,TNrkv59dVk/qTfxZ1GurtA
DA:2135,1,5f+avAqZ9q46y0TzQkdk7g
DA:2138,3,Bm1JWmB7yR7h96N//9nbXQ
DA:2142,3,XeAgaDtBWRmcszZiUHlGBQ
DA:2143,1,ULOb2lM4EcxYs8tnblCzrQ
DA:2145,1,vBqXDN4/cCu5A2qsir8cNw
DA:2148,1,cMw1y34t5GyZa9fTjkv9OA
DA:2149,1,FU35OwPM93lFLE7yPG+3eQ
DA:2150,1,JfBOecZa/WX+CaEliugPQw
DA:2151,1,CAmvuO7+uZptqx60jq90AQ
DA:2153,1,7a6iEiO6Zzu8yfez5LxOyQ
DA:2155,3,CjroGWsgnv0eFuLfsJHeJQ
LH:699
LF:723
end_of_record
SF:src/main/python/wfa/measurement/reporting/postprocessing/tools/log_processor.py
FNF:0
FNH:0
BRDA:0,1,1,1
BRDA:56,0,0,1
BRDA:59,0,1,1
BRDA:89,1,0,-
BRF:4
BRH:3
DA:15,1,mUDsnWRiqW9R9nTILGKIZg
DA:16,1,9+0wmncrjygauijFbKneUA
DA:17,1,jF7fLmEWyC4iuHQqp2pk8g
DA:18,1,RJ/JydJyAp/qch2Z3Cql/w
DA:19,1,/VFIwH+h+C6xtduqVc6E0A
DA:20,1,9vE65aGmFgo4GmsaIB1BEw
DA:21,1,7x5NxmyprnxoKh2AMNOd7Q
DA:24,1,FPDBGEbVnUw3zHQccRatYA
DA:25,1,vNTGkS+Gm3HaB7Lrmc1zow
DA:28,1,UQhczyQCOnnGWXvYk2L4ow
DA:30,1,zzKRqMTDWAtvuFkVhE8Pcg
DA:36,1,zzKRqMTDWAtvuFkVhE8Pcg
DA:42,1,NrWlV2yEdwUPnMs4D8gpYQ
DA:45,1,MMxuHLWwB/Fe/Vzx9Zh58w
DA:47,1,1Og5mmbewJjQK9UCrShwrg
DA:48,1,IfHas9Pu48SzQj2YWsNCbQ
DA:49,1,lhkG+njSmbqo/2TcYxya7Q
DA:51,1,SUmKIW2fSkNiuqZoxeFcMg
DA:52,1,TLGsen1rH6ki/Hty7VO7bw
DA:53,1,GjN/bxWSl5IjI1pIdZXQlA
DA:54,1,Dhcs6PW/RbazKRTl3ecfpw
DA:55,1,Tqotv8dKpRto9lS3zcBu3g
DA:56,1,QKLPAigiMUZDQg0+dAdaFw
DA:59,1,2L3CCsKE81h5tTwjIN0YaA
DA:60,1,IPIQohGCjAtrKq+oBLsiSw
DA:63,1,CKoMXMB8Xv5ZC6iTILRdvA
DA:65,1,ZdUqyJFx1kzNEUtlxwtgIQ
DA:68,1,KwZpnesZXLEfRebUERxqKw
DA:71,1,GGfsvbR2uSaOvNQedTlYqQ
DA:72,1,EvcuPKIv01p28g/5gdEbmQ
DA:74,1,SUmKIW2fSkNiuqZoxeFcMg
DA:75,1,Tr8goXzRgoaw3i+lWe7JAA
DA:76,1,/W8q1UNPgF8UgeQDQ2CUGg
DA:79,1,LYRhxc8DGtQZw2d/qPRETQ
DA:80,1,2L3CCsKE81h5tTwjIN0YaA
DA:82,1,eqtIG/iIFrF/x295feWAAw
DA:85,1,Sly8HEGjxFAAVMbd1nrMFQ
DA:88,1,xQVNdxAJxuGw1z9RcZmDQw
DA:89,0,L/r69fSej8u8e0h69J8EMQ
LH:38
LF:39
end_of_record
SF:src/main/python/wfa/measurement/reporting/postprocessing/tools/post_process_origin_report.py
FNF:0
FNH:0
BRDA:0,15,1,1
BRDA:0,16,0,1
BRDA:0,18,1,1
BRDA:0,29,0,1
BRDA:0,30,0,1
BRDA:0,31,0,1
BRDA:0,32,0,1
BRDA:0,36,1,1
BRDA:130,0,0,1
BRDA:140,0,1,1
BRDA:142,1,1,1
BRDA:143,1,0,-
BRDA:144,2,1,1
BRDA:147,2,0,-
BRDA:168,3,0,-
BRDA:172,3,1,1
BRDA:174,10,0,1
BRDA:175,4,0,1
BRDA:176,6,0,1
BRDA:177,5,0,1
BRDA:178,6,1,1
BRDA:181,5,1,1
BRDA:182,7,0,1
BRDA:184,7,1,1
BRDA:184,9,0,1
BRDA:185,8,0,1
BRDA:185,9,1,1
BRDA:187,9,2,1
BRDA:190,8,1,1
BRDA:191,10,1,1
BRDA:196,4,1,1
BRDA:197,11,0,1
BRDA:200,11,1,1
BRDA:235,17,0,1
BRDA:235,19,0,1
BRDA:236,12,0,1
BRDA:238,13,0,1
BRDA:244,13,1,1
BRDA:245,14,0,1
BRDA:249,15,2,1
BRDA:251,15,0,-
BRDA:253,15,3,1
BRDA:253,16,1,1
BRDA:258,16,2,1
BRDA:260,14,1,1
BRDA:261,17,1,1
BRDA:265,18,2,1
BRDA:268,18,0,-
BRDA:272,18,3,1
BRDA:272,21,0,1
BRDA:272,23,0,-
BRDA:273,19,1,1
BRDA:274,20,0,1
BRDA:282,21,1,1
BRDA:287,20,1,1
BRDA:288,22,0,1
BRDA:293,22,1,1
BRDA:294,23,1,1
BRDA:304,12,1,1
BRDA:304,25,0,1
BRDA:305,24,0,1
BRDA:305,25,1,1
BRDA:305,26,0,1
BRDA:307,25,2,1
BRDA:307,26,1,1
BRDA:309,26,2,1
BRDA:319,24,1,1
BRDA:357,28,0,1
BRDA:358,27,0,1
BRDA:359,28,1,1
BRDA:359,29,1,1
BRDA:364,29,2,1
BRDA:364,30,1,1
BRDA:365,30,2,1
BRDA:365,31,1,1
BRDA:367,31,2,1
BRDA:392,27,1,1
BRDA:392,32,1,1
BRDA:400,32,2,1
BRDA:400,33,0,1
BRDA:406,33,1,1
BRDA:407,34,0,1
BRDA:415,34,1,1
BRDA:425,35,1,1
BRDA:432,35,0,-
BRDA:451,33,2,1
BRDA:483,36,0,-
BRF:87
BRH:79
DA:15,1,OaTlemF3bXMi5MP7Db8vkQ
DA:16,1,mUDsnWRiqW9R9nTILGKIZg
DA:17,1,JuQm8hpyuabT2TKvPC7WEQ
DA:19,1,9+0wmncrjygauijFbKneUA
DA:20,1,jF7fLmEWyC4iuHQqp2pk8g
DA:21,1,RJ/JydJyAp/qch2Z3Cql/w
DA:22,1,8YE0xzB9hr+2EavSdDYyRg
DA:24,1,PMwefAaRMqBUvfxK+JStig
DA:25,1,igzEos9FysHhXN7/Yhmbfg
DA:26,1,6G0tbDCzFwI+Lhf7ZDKjsg
DA:28,1,ErER+c0TQ5Qq9HPSeoNEsg
DA:29,1,qd1Xa9VfS94/2k+tt/Nq4A
DA:30,1,mFORb93YAzIyRHfyMU5wHg
DA:31,1,T0ZZxuthWLksRu01cp8x8w
DA:33,1,7x5NxmyprnxoKh2AMNOd7Q
DA:35,1,7x5NxmyprnxoKh2AMNOd7Q
DA:38,1,FPDBGEbVnUw3zHQccRatYA
DA:39,1,vNTGkS+Gm3HaB7Lrmc1zow
DA:41,1,hif2F4TX/5QkkqtHfeKxSA
DA:43,1,UQhczyQCOnnGWXvYk2L4ow
DA:45,1,NrWlV2yEdwUPnMs4D8gpYQ
DA:47,1,FK3hmwvEEVv1tWUVFeSm1A
DA:48,1,X5hnfetMXPgxz50kBApsHg
DA:51,1,nFx1dOKncE6hcDtSVIuyHQ
DA:52,1,RGk8VUnllIOUzyI8U5NGHw
DA:74,1,eb20g6dgw5l1xpkM+FfWnw
DA:80,1,Gggw9fWvHVtjKzOpZmiCvQ
DA:81,1,sxVdbHraJmmFnyAJgQ/3NQ
DA:83,1,8v4TtW7zPujZ8cFz1CdvbA
DA:85,1,EolIPS2Iyv79NZmXGyFxfw
DA:87,1,8UFk7RagSWlKIsccI1SEzg
DA:89,1,H6Ye9k3bZvkHnmPN38iZUQ
DA:90,1,bU+eMnE6gNORePhg8yU07Q
DA:92,1,CdqRkS7CE2i0ZiaDz4OVrQ
DA:102,1,lgsNOgIubkq6Gde9PhhG0A
DA:108,1,bHbHA/M7uf6PXa9mMmyA2Q
DA:111,1,jcgw4eIgxNXaNSmKUD56DA
DA:113,1,sBrKh/Qb7J8xoWcB+x4Z7A
DA:115,1,3BrU7/wU4e3YJ/SkhjkyZg
DA:119,1,/LnUv61C9TiQP8oFMah0Jg
DA:121,1,EFz+vJ1Wqi7g/WA/SFhnxg
DA:128,1,BcrYfYp6NheZRTXHaVujMA
DA:129,1,GIyrrDQL+DOUMknsNwt2ZQ
DA:130,1,epQkuKUTljnXweLW/8e0fA
DA:134,1,h63WU5GB6Q9Xu2O8oXL3+g
DA:140,1,D1nD2E7GHyX6rPjni5umEw
DA:141,1,ix6w3XjzcpiENVGTSbHFHQ
DA:142,1,DBIpfxBTz7MbK8RkQjFvAg
DA:143,1,bLGBw49REYhzbrbgPh1+6Q
DA:144,1,IeWkELSYC23huQ12+tuaRw
DA:147,1,fCsmpOEgJKqp6nS2fkTsuA
DA:154,1,nPhlGW87e1SzBS3mmcVeIw
DA:157,1,jlngNTZoXpI+b1wD00pKCA
DA:160,1,pASofqrDtlcaY2MKiB1bzQ
DA:167,1,q0yg/iOqlPTQGMlu6ttsjQ
DA:168,0,XqHxW5WU+tAe6OGnvOAIXQ
DA:172,1,03aBENwBQUqnzcdndB6+4Q
DA:173,1,e+XRlVU/RNfUSL4GIl2O8Q
DA:174,1,yGfoULVwLN+OcyMMrpYDjw
DA:175,1,5C4k1aMkXPj/gXY7EOMzcg
DA:176,1,g2e16nbCo2Dd6LdjBphD1w
DA:177,1,5rV+5EqajZ8jxZmeSRP+7g
DA:178,1,6gRpWnJz4Nv6zMRujNhlVA
DA:180,1,mEpyNj9Mk6p9ub2sVgYy9w
DA:181,1,aiuZcRgakBRHY0HZ6qo+bw
DA:182,1,DJzAaYYDsIPDCmheMvXZpA
DA:183,1,zIwiwpwOzy/5Qyl9j4NDxA
DA:184,1,XDAVFDIMf0swERISVpxS+w
DA:185,1,DMtvFvZh0lZRSaInIwj9KA
DA:187,1,pSL4CiHBqyzp2aaXvtcdQQ
DA:189,1,mEpyNj9Mk6p9ub2sVgYy9w
DA:190,1,ghQ0lvil6dpvpn3NRcyVwA
DA:191,1,rJUG5sBZmKDdLvSvXVbo3Q
DA:193,1,zIwiwpwOzy/5Qyl9j4NDxA
DA:196,1,+RA/q7OV7AFbK8eqiiAuaA
DA:197,1,ill6yCCpg9X1FYIxfZIMfg
DA:200,1,LNfIcKTavsFwBlegaGTZng
DA:203,1,gs1l6ghirZ+wbvHzQw3dEg
DA:208,1,aevGDiF6v4oygAaCKVf2QA
DA:212,1,+0xw0c31/VUPC74YAiMmBA
DA:214,1,49f7gMNYoe66mHX4+/2UlA
DA:230,1,pASofqrDtlcaY2MKiB1bzQ
DA:234,1,dvHY/zYv/ECFPYUxuO1q2Q
DA:235,1,wGlDqwV7wInXEjsIrkDZ1w
DA:236,1,5LGTJoBKilPOYlXIDr0Eig
DA:237,1,M3JVgBmQ6+8rzlSQxkqXgw
DA:238,1,qJmNuEhswQoWflXxNHSFyQ
DA:239,1,tIFS6kRuQbIbfEklquu8rg
DA:240,1,NOljurrHjkJaol6qZGb+aA
DA:241,1,aQv+YM0yk6XAK6UH76m3+g
DA:242,1,UMwmjixu4sghMuC/CKaRCA
DA:244,1,ATvHlB4ShIkYXbcnno5kTw
DA:245,1,HJIEUG2cMkYCGEwwS43VRw
DA:249,1,LnBxUxAOgL8+WvSaL64REA
DA:251,0,rVl4JCAhifwTAOGmMlvZww
DA:253,1,b/lNWruIyoo8O2oLUufRtw
DA:258,1,NevB/bgxI9GC5WLix3OTyQ
DA:260,1,PhwNp4pijaJqulrpGzdR4w
DA:261,1,HJIEUG2cMkYCGEwwS43VRw
DA:265,1,2AeSpzLfUsheY4HDR5nCDg
DA:268,0,rVl4JCAhifwTAOGmMlvZww
DA:272,1,0Z5IANlpzrPY5x9L+ZmcnA
DA:273,1,3WkYOYwVLPtcE3BuDcTLCA
DA:274,1,hRG5IKt9dG69znzOhD9SKw
DA:279,1,QmXmvNgbT/0h2KFx5fVv5A
DA:281,1,k5K/gEowW8jx3zCdskKUyQ
DA:282,1,q4fU1pq0zgW3obd4in3sGA
DA:287,1,fA4vnnaVwugvJhaLdd1/Ug
DA:288,1,hRG5IKt9dG69znzOhD9SKw
DA:293,1,5iPd8Uds5wrq4mMENqcGag
DA:294,1,QbeqxwMYG4hd37C86jZfYQ
DA:304,1,GOmIh6PkyBvpSeBi8/UvaQ
DA:305,1,d8PCQgXTbIaRSw8+wvL6NA
DA:307,1,S1mmhY+fVjoeX2XS6f47ng
DA:309,1,BSGKDzq42cSIvlX3RwldUQ
DA:319,1,dJ3hDeKGMNW8ITzk8S8yHQ
DA:321,1,RF40OIUr8mfY04kXH8IjnA
DA:353,1,pASofqrDtlcaY2MKiB1bzQ
DA:356,1,Asf+anczJKqCH0dWm4co6w
DA:357,1,wGlDqwV7wInXEjsIrkDZ1w
DA:358,1,c+76le+mlJI/D+PrVszGrA
DA:359,1,b/lNWruIyoo8O2oLUufRtw
DA:364,1,yGZL88RRrkrjMVrHtV3Jsg
DA:365,1,pfLkYEf1/WGkcUbGvBbo3A
DA:367,1,HJIEUG2cMkYCGEwwS43VRw
DA:376,1,N/82owvNiG8gfeHmGiUOPg
DA:378,1,HJIEUG2cMkYCGEwwS43VRw
DA:392,1,g79nbgM4s9JUHLz6sH1s6Q
DA:400,1,PnkcWmPQr5wpzlBfZu+dLA
DA:406,1,3uOOC1Cuphf7owngGQaiTw
DA:407,1,lcM0/5OK0ThzxLLYP7wbaQ
DA:408,1,TC8CkDETbZb3KN7LTgrM3Q
DA:412,1,5elxurNStuYpbEZQ4HV3xw
DA:415,1,LyMjENZj3fH9T4oD3wdITQ
DA:424,1,ODTcvjBXYwJbEq/YddirVA
DA:425,1,+OBtjuQCdmveXf0tmbJ5DQ
DA:432,0,HJIEUG2cMkYCGEwwS43VRw
DA:438,0,k3KoXOysZVXw2K/NpyB0uA
DA:440,0,9L/vdIpvvxo6lVjPMNyPQg
DA:445,0,qT9bi3n+4bo3k1agCYcvJQ
DA:447,0,+OBtjuQCdmveXf0tmbJ5DQ
DA:451,1,pASofqrDtlcaY2MKiB1bzQ
DA:457,1,vepfodmwuj36hXPXTJzWQQ
DA:459,0,ZdUqyJFx1kzNEUtlxwtgIQ
DA:462,0,KwZpnesZXLEfRebUERxqKw
DA:464,0,y3d2pA9N8Rkr04ZdHkffhg
DA:465,0,ux8YNUrvs82kfnC33V11Lg
DA:466,0,EKWJMnQo/OWi2TmKRRrKkw
DA:468,0,3EFqYfMzHFPVOwgdKUhujw
DA:469,0,PLdUhU2ZH+mLFc3cecOyVw
DA:472,0,e2P9TXisGJzTUcLJ/5yvWw
DA:473,0,J4zF8yMR7Dlr05Ft81085w
DA:475,0,orN24z77DMFUaWBectrmVg
DA:478,0,kvipjwpbJyySt11/fRYqcQ
DA:479,0,ZfZnFPPLHY+S4F16f0r7OA
DA:482,1,xQVNdxAJxuGw1z9RcZmDQw
DA:483,0,L/r69fSej8u8e0h69J8EMQ
LH:136
LF:157
end_of_record
